Release 14.1 - xst P.15xf (nt64)
Copyright (c) 1995-2012 Xilinx, Inc.  All rights reserved.
--> Parameter TMPDIR set to xst/projnav.tmp


Total REAL time to Xst completion: 0.00 secs
Total CPU time to Xst completion: 0.09 secs
 
--> Parameter xsthdpdir set to xst


Total REAL time to Xst completion: 0.00 secs
Total CPU time to Xst completion: 0.09 secs
 
--> Reading design: alu.prj

TABLE OF CONTENTS
  1) Synthesis Options Summary
  2) HDL Compilation
  3) Design Hierarchy Analysis
  4) HDL Analysis
  5) HDL Synthesis
     5.1) HDL Synthesis Report
  6) Advanced HDL Synthesis
     6.1) Advanced HDL Synthesis Report
  7) Low Level Synthesis
  8) Partition Report
  9) Final Report
	9.1) Device utilization summary
	9.2) Partition Resource Summary
	9.3) TIMING REPORT


=========================================================================
*                      Synthesis Options Summary                        *
=========================================================================
---- Source Parameters
Input File Name                    : "alu.prj"
Input Format                       : mixed
Ignore Synthesis Constraint File   : NO

---- Target Parameters
Output File Name                   : "alu"
Output Format                      : NGC
Target Device                      : xc3s100e-5-cp132

---- Source Options
Top Module Name                    : alu
Automatic FSM Extraction           : YES
FSM Encoding Algorithm             : Auto
Safe Implementation                : No
FSM Style                          : LUT
RAM Extraction                     : Yes
RAM Style                          : Auto
ROM Extraction                     : Yes
Mux Style                          : Auto
Decoder Extraction                 : YES
Priority Encoder Extraction        : Yes
Shift Register Extraction          : YES
Logical Shifter Extraction         : YES
XOR Collapsing                     : YES
ROM Style                          : Auto
Mux Extraction                     : Yes
Resource Sharing                   : YES
Asynchronous To Synchronous        : NO
Multiplier Style                   : Auto
Automatic Register Balancing       : No

---- Target Options
Add IO Buffers                     : YES
Global Maximum Fanout              : 500
Add Generic Clock Buffer(BUFG)     : 24
Register Duplication               : YES
Slice Packing                      : YES
Optimize Instantiated Primitives   : NO
Use Clock Enable                   : Yes
Use Synchronous Set                : Yes
Use Synchronous Reset              : Yes
Pack IO Registers into IOBs        : Auto
Equivalent register Removal        : YES

---- General Options
Optimization Goal                  : Speed
Optimization Effort                : 1
Keep Hierarchy                     : No
Netlist Hierarchy                  : As_Optimized
RTL Output                         : Yes
Global Optimization                : AllClockNets
Read Cores                         : YES
Write Timing Constraints           : NO
Cross Clock Analysis               : NO
Hierarchy Separator                : /
Bus Delimiter                      : <>
Case Specifier                     : Maintain
Slice Utilization Ratio            : 100
BRAM Utilization Ratio             : 100
Verilog 2001                       : YES
Auto BRAM Packing                  : NO
Slice Utilization Ratio Delta      : 5

=========================================================================


=========================================================================
*                          HDL Compilation                              *
=========================================================================
Compiling verilog file "alu.v" in library work
Module <alu> compiled
No errors in compilation
Analysis of file <"alu.prj"> succeeded.
 

=========================================================================
*                     Design Hierarchy Analysis                         *
=========================================================================
Analyzing hierarchy for module <alu> in library <work>.


=========================================================================
*                            HDL Analysis                               *
=========================================================================
Analyzing top module <alu>.
Module <alu> is correct for synthesis.
 

=========================================================================
*                           HDL Synthesis                               *
=========================================================================

Performing bidirectional port resolution...

Synthesizing Unit <alu>.
    Related source file is "alu.v".
    Found 16-bit addsub for signal <out$addsub0000>.
    Summary:
	inferred   1 Adder/Subtractor(s).
Unit <alu> synthesized.

INFO:Xst:1767 - HDL ADVISOR - Resource sharing has identified that some arithmetic operations in this design can share the same physical resources for reduced device utilization. For improved clock frequency you may try to disable resource sharing.

=========================================================================
HDL Synthesis Report

Macro Statistics
# Adders/Subtractors                                   : 1
 16-bit addsub                                         : 1

=========================================================================

=========================================================================
*                       Advanced HDL Synthesis                          *
=========================================================================


=========================================================================
Advanced HDL Synthesis Report

Macro Statistics
# Adders/Subtractors                                   : 1
 16-bit addsub                                         : 1

=========================================================================

=========================================================================
*                         Low Level Synthesis                           *
=========================================================================

Optimizing unit <alu> ...

Mapping all equations...
Building and optimizing final netlist ...
Found area constraint ratio of 100 (+ 5) on block alu, actual ratio is 5.

Final Macro Processing ...

=========================================================================
Final Register Report

Found no macro
=========================================================================

=========================================================================
*                           Partition Report                            *
=========================================================================

Partition Implementation Status
-------------------------------

  No Partitions were found in this design.

-------------------------------

=========================================================================
*                            Final Report                               *
=========================================================================
Final Results
RTL Top Level Output File Name     : alu.ngr
Top Level Output File Name         : alu
Output Format                      : NGC
Optimization Goal                  : Speed
Keep Hierarchy                     : No

Design Statistics
# IOs                              : 52

Cell Usage :
# BELS                             : 106
#      GND                         : 1
#      LUT3                        : 22
#      LUT4                        : 37
#      MUXCY                       : 15
#      MUXF5                       : 15
#      XORCY                       : 16
# IO Buffers                       : 52
#      IBUF                        : 35
#      OBUF                        : 17
=========================================================================

Device utilization summary:
---------------------------

Selected Device : 3s100ecp132-5 

 Number of Slices:                       31  out of    960     3%  
 Number of 4 input LUTs:                 59  out of   1920     3%  
 Number of IOs:                          52
 Number of bonded IOBs:                  52  out of     83    62%  

---------------------------
Partition Resource Summary:
---------------------------

  No Partitions were found in this design.

---------------------------


=========================================================================
TIMING REPORT

NOTE: THESE TIMING NUMBERS ARE ONLY A SYNTHESIS ESTIMATE.
      FOR ACCURATE TIMING INFORMATION PLEASE REFER TO THE TRACE REPORT
      GENERATED AFTER PLACE-and-ROUTE.

Clock Information:
------------------
No clock signals found in this design

Asynchronous Control Signals Information:
----------------------------------------
No asynchronous control signals found in this design

Timing Summary:
---------------
Speed Grade: -5

   Minimum period: No path found
   Minimum input arrival time before clock: No path found
   Maximum output required time after clock: No path found
   Maximum combinational path delay: 14.381ns

Timing Detail:
--------------
All values displayed in nanoseconds (ns)

=========================================================================
Timing constraint: Default path analysis
  Total number of paths / destination ports: 1953 / 17
-------------------------------------------------------------------------
Delay:               14.381ns (Levels of Logic = 25)
  Source:            aluop<0> (PAD)
  Destination:       zero (PAD)

  Data Path: aluop<0> to zero
                                Gate     Net
    Cell:in->out      fanout   Delay   Delay  Logical Name (Net Name)
    ----------------------------------------  ------------
     IBUF:I->O            33   1.106   1.225  aluop_0_IBUF (aluop_0_IBUF)
     LUT3:I0->O           17   0.612   0.923  out_mux00002 (out_mux0000)
     LUT3:I2->O            1   0.612   0.000  Maddsub_out_addsub0000_lut<0> (Maddsub_out_addsub0000_lut<0>)
     MUXCY:S->O            1   0.404   0.000  Maddsub_out_addsub0000_cy<0> (Maddsub_out_addsub0000_cy<0>)
     MUXCY:CI->O           1   0.052   0.000  Maddsub_out_addsub0000_cy<1> (Maddsub_out_addsub0000_cy<1>)
     MUXCY:CI->O           1   0.052   0.000  Maddsub_out_addsub0000_cy<2> (Maddsub_out_addsub0000_cy<2>)
     MUXCY:CI->O           1   0.052   0.000  Maddsub_out_addsub0000_cy<3> (Maddsub_out_addsub0000_cy<3>)
     MUXCY:CI->O           1   0.052   0.000  Maddsub_out_addsub0000_cy<4> (Maddsub_out_addsub0000_cy<4>)
     MUXCY:CI->O           1   0.052   0.000  Maddsub_out_addsub0000_cy<5> (Maddsub_out_addsub0000_cy<5>)
     MUXCY:CI->O           1   0.052   0.000  Maddsub_out_addsub0000_cy<6> (Maddsub_out_addsub0000_cy<6>)
     MUXCY:CI->O           1   0.052   0.000  Maddsub_out_addsub0000_cy<7> (Maddsub_out_addsub0000_cy<7>)
     MUXCY:CI->O           1   0.052   0.000  Maddsub_out_addsub0000_cy<8> (Maddsub_out_addsub0000_cy<8>)
     MUXCY:CI->O           1   0.052   0.000  Maddsub_out_addsub0000_cy<9> (Maddsub_out_addsub0000_cy<9>)
     MUXCY:CI->O           1   0.052   0.000  Maddsub_out_addsub0000_cy<10> (Maddsub_out_addsub0000_cy<10>)
     MUXCY:CI->O           1   0.052   0.000  Maddsub_out_addsub0000_cy<11> (Maddsub_out_addsub0000_cy<11>)
     MUXCY:CI->O           1   0.052   0.000  Maddsub_out_addsub0000_cy<12> (Maddsub_out_addsub0000_cy<12>)
     MUXCY:CI->O           1   0.052   0.000  Maddsub_out_addsub0000_cy<13> (Maddsub_out_addsub0000_cy<13>)
     MUXCY:CI->O           0   0.052   0.000  Maddsub_out_addsub0000_cy<14> (Maddsub_out_addsub0000_cy<14>)
     XORCY:CI->O           1   0.699   0.360  Maddsub_out_addsub0000_xor<15> (out_addsub0000<15>)
     LUT4:I3->O            1   0.612   0.000  out<15>50_F (N76)
     MUXF5:I0->O           2   0.278   0.532  out<15>50 (out_15_OBUF)
     LUT4:I0->O            1   0.612   0.426  zero_and000015_SW0 (N52)
     LUT4:I1->O            1   0.612   0.509  zero_and000015 (zero_and000015)
     LUT3:I0->O            1   0.612   0.357  zero_and000081 (zero_OBUF)
     OBUF:I->O                 3.169          zero_OBUF (zero)
    ----------------------------------------
    Total                     14.381ns (10.049ns logic, 4.332ns route)
                                       (69.9% logic, 30.1% route)

=========================================================================


Total REAL time to Xst completion: 7.00 secs
Total CPU time to Xst completion: 6.72 secs
 
--> 

Total memory usage is 255344 kilobytes

Number of errors   :    0 (   0 filtered)
Number of warnings :    0 (   0 filtered)
Number of infos    :    1 (   0 filtered)

