Release 14.1 - xst P.15xf (nt64)
Copyright (c) 1995-2012 Xilinx, Inc.  All rights reserved.
--> Parameter TMPDIR set to xst/projnav.tmp


Total REAL time to Xst completion: 0.00 secs
Total CPU time to Xst completion: 0.17 secs
 
--> Parameter xsthdpdir set to xst


Total REAL time to Xst completion: 0.00 secs
Total CPU time to Xst completion: 0.17 secs
 
--> Reading design: debugersm.prj

TABLE OF CONTENTS
  1) Synthesis Options Summary
  2) HDL Parsing
  3) HDL Elaboration
  4) HDL Synthesis
       4.1) HDL Synthesis Report
  5) Advanced HDL Synthesis
       5.1) Advanced HDL Synthesis Report
  6) Low Level Synthesis
  7) Partition Report
  8) Design Summary
       8.1) Primitive and Black Box Usage
       8.2) Device utilization summary
       8.3) Partition Resource Summary
       8.4) Timing Report
            8.4.1) Clock Information
            8.4.2) Asynchronous Control Signals Information
            8.4.3) Timing Summary
            8.4.4) Timing Details
            8.4.5) Cross Clock Domains Report


=========================================================================
*                      Synthesis Options Summary                        *
=========================================================================
---- Source Parameters
Input File Name                    : "debugersm.prj"
Ignore Synthesis Constraint File   : NO

---- Target Parameters
Output File Name                   : "debugersm"
Output Format                      : NGC
Target Device                      : xc6slx16-3-csg324

---- Source Options
Top Module Name                    : debugersm
Automatic FSM Extraction           : YES
FSM Encoding Algorithm             : Auto
Safe Implementation                : No
FSM Style                          : LUT
RAM Extraction                     : Yes
RAM Style                          : Auto
ROM Extraction                     : Yes
Shift Register Extraction          : YES
ROM Style                          : Auto
Resource Sharing                   : YES
Asynchronous To Synchronous        : NO
Shift Register Minimum Size        : 2
Use DSP Block                      : Auto
Automatic Register Balancing       : No

---- Target Options
LUT Combining                      : Auto
Reduce Control Sets                : Auto
Add IO Buffers                     : YES
Global Maximum Fanout              : 100000
Add Generic Clock Buffer(BUFG)     : 16
Register Duplication               : YES
Optimize Instantiated Primitives   : NO
Use Clock Enable                   : Auto
Use Synchronous Set                : Auto
Use Synchronous Reset              : Auto
Pack IO Registers into IOBs        : Auto
Equivalent register Removal        : YES

---- General Options
Optimization Goal                  : Speed
Optimization Effort                : 1
Power Reduction                    : NO
Keep Hierarchy                     : No
Netlist Hierarchy                  : As_Optimized
RTL Output                         : Yes
Global Optimization                : AllClockNets
Read Cores                         : YES
Write Timing Constraints           : NO
Cross Clock Analysis               : NO
Hierarchy Separator                : /
Bus Delimiter                      : <>
Case Specifier                     : Maintain
Slice Utilization Ratio            : 100
BRAM Utilization Ratio             : 100
DSP48 Utilization Ratio            : 100
Auto BRAM Packing                  : NO
Slice Utilization Ratio Delta      : 5

---- Other Options
Cores Search Directories           : {"ipcore_dir"  }

=========================================================================


=========================================================================
*                          HDL Parsing                                  *
=========================================================================
Analyzing Verilog file "D:\facu\Arquitecturas de las computadoras\Practico\tpfinal\PracticoFinal_MIPS\MIPS\debugersm.v" into library work
Parsing module <debugersm>.

=========================================================================
*                            HDL Elaboration                            *
=========================================================================

Elaborating module <debugersm>.

=========================================================================
*                           HDL Synthesis                               *
=========================================================================

Synthesizing Unit <debugersm>.
    Related source file is "D:\facu\Arquitecturas de las computadoras\Practico\tpfinal\PracticoFinal_MIPS\MIPS\debugersm.v".
    Found 8-bit register for signal <w_data>.
    Found 32-bit register for signal <n0034[31:0]>.
    Found 3-bit register for signal <datasize>.
    Found 2-bit register for signal <state_reg>.
    Found 1-bit register for signal <rd>.
    Found 1-bit register for signal <wr>.
    Found finite state machine <FSM_0> for signal <state_reg>.
    -----------------------------------------------------------------------
    | States             | 4                                              |
    | Transitions        | 6                                              |
    | Inputs             | 2                                              |
    | Outputs            | 4                                              |
    | Clock              | clk (rising_edge)                              |
    | Reset              | reset (positive)                               |
    | Reset type         | asynchronous                                   |
    | Reset State        | 00                                             |
    | Encoding           | auto                                           |
    | Implementation     | LUT                                            |
    -----------------------------------------------------------------------
    Found 3-bit subtractor for signal <n0038[2:0]> created at line 120.
    Found 3-bit adder for signal <n0046> created at line 100.
    Found 8-bit 4-to-1 multiplexer for signal <w_data_next> created at line 120.
    Summary:
	inferred   2 Adder/Subtractor(s).
	inferred  45 D-type flip-flop(s).
	inferred   3 Multiplexer(s).
	inferred   1 Finite State Machine(s).
Unit <debugersm> synthesized.

=========================================================================
HDL Synthesis Report

Macro Statistics
# Adders/Subtractors                                   : 2
 3-bit adder                                           : 1
 3-bit subtractor                                      : 1
# Registers                                            : 5
 1-bit register                                        : 2
 3-bit register                                        : 1
 32-bit register                                       : 1
 8-bit register                                        : 1
# Multiplexers                                         : 3
 3-bit 2-to-1 multiplexer                              : 2
 8-bit 4-to-1 multiplexer                              : 1
# FSMs                                                 : 1

=========================================================================

=========================================================================
*                       Advanced HDL Synthesis                          *
=========================================================================


=========================================================================
Advanced HDL Synthesis Report

Macro Statistics
# Adders/Subtractors                                   : 2
 3-bit adder                                           : 1
 3-bit subtractor                                      : 1
# Registers                                            : 45
 Flip-Flops                                            : 45
# Multiplexers                                         : 3
 3-bit 2-to-1 multiplexer                              : 2
 8-bit 4-to-1 multiplexer                              : 1
# FSMs                                                 : 1

=========================================================================

=========================================================================
*                         Low Level Synthesis                           *
=========================================================================
Analyzing FSM <MFsm> for best encoding.
Optimizing FSM <FSM_0> on signal <state_reg[1:2]> with user encoding.
-------------------
 State | Encoding
-------------------
 00    | 00
 11    | 11
 10    | 10
 01    | 01
-------------------

Optimizing unit <debugersm> ...

Mapping all equations...
Building and optimizing final netlist ...
Found area constraint ratio of 100 (+ 5) on block debugersm, actual ratio is 0.
FlipFlop state_reg_FSM_FFd1 has been replicated 1 time(s)
FlipFlop state_reg_FSM_FFd2 has been replicated 2 time(s)

Final Macro Processing ...

=========================================================================
Final Register Report

Macro Statistics
# Registers                                            : 50
 Flip-Flops                                            : 50

=========================================================================

=========================================================================
*                           Partition Report                            *
=========================================================================

Partition Implementation Status
-------------------------------

  No Partitions were found in this design.

-------------------------------

=========================================================================
*                            Design Summary                             *
=========================================================================

Top Level Output File Name         : debugersm.ngc

Primitive and Black Box Usage:
------------------------------
# BELS                             : 50
#      LUT2                        : 1
#      LUT3                        : 34
#      LUT4                        : 1
#      LUT5                        : 2
#      LUT6                        : 12
# FlipFlops/Latches                : 50
#      FDC                         : 7
#      FDCE                        : 43
# Clock Buffers                    : 1
#      BUFGP                       : 1
# IO Buffers                       : 46
#      IBUF                        : 36
#      OBUF                        : 10

Device utilization summary:
---------------------------

Selected Device : 6slx16csg324-3 


Slice Logic Utilization: 
 Number of Slice Registers:              50  out of  18224     0%  
 Number of Slice LUTs:                   50  out of   9112     0%  
    Number used as Logic:                50  out of   9112     0%  

Slice Logic Distribution: 
 Number of LUT Flip Flop pairs used:     51
   Number with an unused Flip Flop:       1  out of     51     1%  
   Number with an unused LUT:             1  out of     51     1%  
   Number of fully used LUT-FF pairs:    49  out of     51    96%  
   Number of unique control sets:         4

IO Utilization: 
 Number of IOs:                          47
 Number of bonded IOBs:                  47  out of    232    20%  

Specific Feature Utilization:
 Number of BUFG/BUFGCTRLs:                1  out of     16     6%  

---------------------------
Partition Resource Summary:
---------------------------

  No Partitions were found in this design.

---------------------------


=========================================================================
Timing Report

NOTE: THESE TIMING NUMBERS ARE ONLY A SYNTHESIS ESTIMATE.
      FOR ACCURATE TIMING INFORMATION PLEASE REFER TO THE TRACE REPORT
      GENERATED AFTER PLACE-and-ROUTE.

Clock Information:
------------------
-----------------------------------+------------------------+-------+
Clock Signal                       | Clock buffer(FF name)  | Load  |
-----------------------------------+------------------------+-------+
clk                                | BUFGP                  | 50    |
-----------------------------------+------------------------+-------+

Asynchronous Control Signals Information:
----------------------------------------
No asynchronous control signals found in this design

Timing Summary:
---------------
Speed Grade: -3

   Minimum period: 2.836ns (Maximum Frequency: 352.653MHz)
   Minimum input arrival time before clock: 3.395ns
   Maximum output required time after clock: 3.634ns
   Maximum combinational path delay: No path found

Timing Details:
---------------
All values displayed in nanoseconds (ns)

=========================================================================
Timing constraint: Default period analysis for Clock 'clk'
  Clock period: 2.836ns (frequency: 352.653MHz)
  Total number of paths / destination ports: 236 / 93
-------------------------------------------------------------------------
Delay:               2.836ns (Levels of Logic = 1)
  Source:            datasize_1 (FF)
  Destination:       w_data_out_0 (FF)
  Source Clock:      clk rising
  Destination Clock: clk rising

  Data Path: datasize_1 to w_data_out_0
                                Gate     Net
    Cell:in->out      fanout   Delay   Delay  Logical Name (Net Name)
    ----------------------------------------  ------------
     FDCE:C->Q            14   0.447   1.062  datasize_1 (datasize_1)
     LUT5:I3->O            8   0.203   0.802  _n0063_inv21 (_n0063_inv)
     FDCE:CE                   0.322          w_data_out_0
    ----------------------------------------
    Total                      2.836ns (0.972ns logic, 1.864ns route)
                                       (34.3% logic, 65.7% route)

=========================================================================
Timing constraint: Default OFFSET IN BEFORE for Clock 'clk'
  Total number of paths / destination ports: 92 / 90
-------------------------------------------------------------------------
Offset:              3.395ns (Levels of Logic = 3)
  Source:            size<1> (PAD)
  Destination:       datasize_2 (FF)
  Destination Clock: clk rising

  Data Path: size<1> to datasize_2
                                Gate     Net
    Cell:in->out      fanout   Delay   Delay  Logical Name (Net Name)
    ----------------------------------------  ------------
     IBUF:I->O             2   1.222   0.721  size_1_IBUF (Madd_n0046_lut<1>)
     LUT2:I0->O            1   0.203   0.944  datasize_next<2>_SW0 (N01)
     LUT6:I0->O            1   0.203   0.000  datasize_next<2> (datasize_next<2>)
     FDCE:D                    0.102          datasize_2
    ----------------------------------------
    Total                      3.395ns (1.730ns logic, 1.665ns route)
                                       (51.0% logic, 49.0% route)

=========================================================================
Timing constraint: Default OFFSET OUT AFTER for Clock 'clk'
  Total number of paths / destination ports: 10 / 10
-------------------------------------------------------------------------
Offset:              3.634ns (Levels of Logic = 1)
  Source:            wr_out (FF)
  Destination:       wr (PAD)
  Source Clock:      clk rising

  Data Path: wr_out to wr
                                Gate     Net
    Cell:in->out      fanout   Delay   Delay  Logical Name (Net Name)
    ----------------------------------------  ------------
     FDC:C->Q              2   0.447   0.616  wr_out (wr_out)
     OBUF:I->O                 2.571          wr_OBUF (wr)
    ----------------------------------------
    Total                      3.634ns (3.018ns logic, 0.616ns route)
                                       (83.0% logic, 17.0% route)

=========================================================================

Cross Clock Domains Report:
--------------------------

Clock to Setup on destination clock clk
---------------+---------+---------+---------+---------+
               | Src:Rise| Src:Fall| Src:Rise| Src:Fall|
Source Clock   |Dest:Rise|Dest:Rise|Dest:Fall|Dest:Fall|
---------------+---------+---------+---------+---------+
clk            |    2.836|         |         |         |
---------------+---------+---------+---------+---------+

=========================================================================


Total REAL time to Xst completion: 8.00 secs
Total CPU time to Xst completion: 8.12 secs
 
--> 

Total memory usage is 252860 kilobytes

Number of errors   :    0 (   0 filtered)
Number of warnings :    0 (   0 filtered)
Number of infos    :    0 (   0 filtered)

