Release 14.1 - xst P.15xf (nt64)
Copyright (c) 1995-2012 Xilinx, Inc.  All rights reserved.
--> Parameter TMPDIR set to xst/projnav.tmp


Total REAL time to Xst completion: 0.00 secs
Total CPU time to Xst completion: 0.12 secs
 
--> Parameter xsthdpdir set to xst


Total REAL time to Xst completion: 0.00 secs
Total CPU time to Xst completion: 0.12 secs
 
--> Reading design: mem.prj

TABLE OF CONTENTS
  1) Synthesis Options Summary
  2) HDL Parsing
  3) HDL Elaboration
  4) HDL Synthesis
       4.1) HDL Synthesis Report
  5) Advanced HDL Synthesis
       5.1) Advanced HDL Synthesis Report
  6) Low Level Synthesis
  7) Partition Report
  8) Design Summary
       8.1) Primitive and Black Box Usage
       8.2) Device utilization summary
       8.3) Partition Resource Summary
       8.4) Timing Report
            8.4.1) Clock Information
            8.4.2) Asynchronous Control Signals Information
            8.4.3) Timing Summary
            8.4.4) Timing Details
            8.4.5) Cross Clock Domains Report


=========================================================================
*                      Synthesis Options Summary                        *
=========================================================================
---- Source Parameters
Input File Name                    : "mem.prj"
Ignore Synthesis Constraint File   : NO

---- Target Parameters
Output File Name                   : "mem"
Output Format                      : NGC
Target Device                      : xc6slx16-3-csg324

---- Source Options
Top Module Name                    : mem
Automatic FSM Extraction           : YES
FSM Encoding Algorithm             : Auto
Safe Implementation                : No
FSM Style                          : LUT
RAM Extraction                     : Yes
RAM Style                          : Auto
ROM Extraction                     : Yes
Shift Register Extraction          : YES
ROM Style                          : Auto
Resource Sharing                   : YES
Asynchronous To Synchronous        : NO
Shift Register Minimum Size        : 2
Use DSP Block                      : Auto
Automatic Register Balancing       : No

---- Target Options
LUT Combining                      : Auto
Reduce Control Sets                : Auto
Add IO Buffers                     : YES
Global Maximum Fanout              : 100000
Add Generic Clock Buffer(BUFG)     : 16
Register Duplication               : YES
Optimize Instantiated Primitives   : NO
Use Clock Enable                   : Auto
Use Synchronous Set                : Auto
Use Synchronous Reset              : Auto
Pack IO Registers into IOBs        : Auto
Equivalent register Removal        : YES

---- General Options
Optimization Goal                  : Speed
Optimization Effort                : 1
Power Reduction                    : NO
Keep Hierarchy                     : No
Netlist Hierarchy                  : As_Optimized
RTL Output                         : Yes
Global Optimization                : AllClockNets
Read Cores                         : YES
Write Timing Constraints           : NO
Cross Clock Analysis               : NO
Hierarchy Separator                : /
Bus Delimiter                      : <>
Case Specifier                     : Maintain
Slice Utilization Ratio            : 100
BRAM Utilization Ratio             : 100
DSP48 Utilization Ratio            : 100
Auto BRAM Packing                  : NO
Slice Utilization Ratio Delta      : 5

---- Other Options
Cores Search Directories           : {"ipcore_dir"  }

=========================================================================


=========================================================================
*                          HDL Parsing                                  *
=========================================================================
Analyzing Verilog file "D:\Estudio\facu\arquitectura de computadoras\final\workspace - trunk\PracticoFinal_MIPS\MIPS\ipcore_dir\rammemory.v" into library work
Parsing module <rammemory>.
Analyzing Verilog file "D:\Estudio\facu\arquitectura de computadoras\final\workspace - trunk\PracticoFinal_MIPS\MIPS\mem.v" into library work
Parsing module <mem>.

=========================================================================
*                            HDL Elaboration                            *
=========================================================================

Elaborating module <mem>.

Elaborating module <rammemory>.
WARNING:HDLCompiler:1499 - "D:\Estudio\facu\arquitectura de computadoras\final\workspace - trunk\PracticoFinal_MIPS\MIPS\ipcore_dir\rammemory.v" Line 39: Empty module <rammemory> remains a black box.
WARNING:HDLCompiler:189 - "D:\Estudio\facu\arquitectura de computadoras\final\workspace - trunk\PracticoFinal_MIPS\MIPS\mem.v" Line 52: Size mismatch in connection of port <addra>. Formal port size is 13-bit while actual signal size is 32-bit.

=========================================================================
*                           HDL Synthesis                               *
=========================================================================

Synthesizing Unit <mem>.
    Related source file is "D:\Estudio\facu\arquitectura de computadoras\final\workspace - trunk\PracticoFinal_MIPS\MIPS\mem.v".
    Found 32-bit register for signal <datafromimm>.
    Found 5-bit register for signal <regaddrout>.
    Found 2-bit register for signal <wbo>.
    Summary:
	inferred  39 D-type flip-flop(s).
	inferred   1 Multiplexer(s).
Unit <mem> synthesized.

=========================================================================
HDL Synthesis Report

Macro Statistics
# Registers                                            : 3
 2-bit register                                        : 1
 32-bit register                                       : 1
 5-bit register                                        : 1
# Multiplexers                                         : 1
 32-bit 2-to-1 multiplexer                             : 1

=========================================================================

=========================================================================
*                       Advanced HDL Synthesis                          *
=========================================================================

Reading core <ipcore_dir/rammemory.ngc>.
Loading core <rammemory> for timing and area information for instance <memory>.

=========================================================================
Advanced HDL Synthesis Report

Macro Statistics
# Registers                                            : 39
 Flip-Flops                                            : 39
# Multiplexers                                         : 1
 32-bit 2-to-1 multiplexer                             : 1

=========================================================================

=========================================================================
*                         Low Level Synthesis                           *
=========================================================================

Optimizing unit <mem> ...

Mapping all equations...
Building and optimizing final netlist ...
Found area constraint ratio of 100 (+ 5) on block mem, actual ratio is 0.

Final Macro Processing ...

=========================================================================
Final Register Report

Macro Statistics
# Registers                                            : 39
 Flip-Flops                                            : 39

=========================================================================

=========================================================================
*                           Partition Report                            *
=========================================================================

Partition Implementation Status
-------------------------------

  No Partitions were found in this design.

-------------------------------

=========================================================================
*                            Design Summary                             *
=========================================================================

Top Level Output File Name         : mem.ngc

Primitive and Black Box Usage:
------------------------------
# BELS                             : 67
#      GND                         : 2
#      LUT2                        : 4
#      LUT3                        : 32
#      LUT6                        : 27
#      VCC                         : 2
# FlipFlops/Latches                : 41
#      FD                          : 39
#      FDE                         : 2
# RAMS                             : 15
#      RAMB16BWER                  : 14
#      RAMB8BWER                   : 1
# Clock Buffers                    : 1
#      BUFGP                       : 1
# IO Buffers                       : 177
#      IBUF                        : 106
#      OBUF                        : 71

Device utilization summary:
---------------------------

Selected Device : 6slx16csg324-3 


Slice Logic Utilization: 
 Number of Slice Registers:               2  out of  18224     0%  
 Number of Slice LUTs:                   63  out of   9112     0%  
    Number used as Logic:                63  out of   9112     0%  

Slice Logic Distribution: 
 Number of LUT Flip Flop pairs used:     65
   Number with an unused Flip Flop:      63  out of     65    96%  
   Number with an unused LUT:             2  out of     65     3%  
   Number of fully used LUT-FF pairs:     0  out of     65     0%  
   Number of unique control sets:         2

IO Utilization: 
 Number of IOs:                         178
 Number of bonded IOBs:                 178  out of    232    76%  
    IOB Flip Flops/Latches:              39

Specific Feature Utilization:
 Number of Block RAM/FIFO:               15  out of     32    46%  
    Number using Block RAM only:         15
 Number of BUFG/BUFGCTRLs:                1  out of     16     6%  

---------------------------
Partition Resource Summary:
---------------------------

  No Partitions were found in this design.

---------------------------


=========================================================================
Timing Report

NOTE: THESE TIMING NUMBERS ARE ONLY A SYNTHESIS ESTIMATE.
      FOR ACCURATE TIMING INFORMATION PLEASE REFER TO THE TRACE REPORT
      GENERATED AFTER PLACE-and-ROUTE.

Clock Information:
------------------
-----------------------------------+---------------------------------------------------------------------------------------------------------------------------------+-------+
Clock Signal                       | Clock buffer(FF name)                                                                                                           | Load  |
-----------------------------------+---------------------------------------------------------------------------------------------------------------------------------+-------+
clk                                | BUFGP                                                                                                                           | 56    |
memory/N1                          | NONE(memory/U0/xst_blk_mem_generator/gnativebmg.native_blk_mem_gen/valid.cstr/ramloop[2].ram.r/s6_init.ram/SP.SIMPLE_PRIM18.ram)| 15    |
-----------------------------------+---------------------------------------------------------------------------------------------------------------------------------+-------+
INFO:Xst:2169 - HDL ADVISOR - Some clock signals were not automatically buffered by XST with BUFG/BUFR resources. Please use the buffer_type constraint in order to insert these buffers to the clock signals to help prevent skew problems.

Asynchronous Control Signals Information:
----------------------------------------
No asynchronous control signals found in this design

Timing Summary:
---------------
Speed Grade: -3

   Minimum period: No path found
   Minimum input arrival time before clock: 3.930ns
   Maximum output required time after clock: 6.030ns
   Maximum combinational path delay: No path found

Timing Details:
---------------
All values displayed in nanoseconds (ns)

=========================================================================
Timing constraint: Default OFFSET IN BEFORE for Clock 'clk'
  Total number of paths / destination ports: 648 / 410
-------------------------------------------------------------------------
Offset:              3.930ns (Levels of Logic = 3)
  Source:            forw (PAD)
  Destination:       memory/U0/xst_blk_mem_generator/gnativebmg.native_blk_mem_gen/valid.cstr/ramloop[3].ram.r/s6_init.ram/SP.SIMPLE_PRIM18.ram (RAM)
  Destination Clock: clk rising

  Data Path: forw to memory/U0/xst_blk_mem_generator/gnativebmg.native_blk_mem_gen/valid.cstr/ramloop[3].ram.r/s6_init.ram/SP.SIMPLE_PRIM18.ram
                                Gate     Net
    Cell:in->out      fanout   Delay   Delay  Logical Name (Net Name)
    ----------------------------------------  ------------
     IBUF:I->O            32   1.222   1.520  forw_IBUF (forw_IBUF)
     LUT3:I0->O            4   0.205   0.683  Mmux_processed_entry321 (processed_entry<9>)
     begin scope: 'memory:dina<9>'
     begin scope: 'memory/U0/xst_blk_mem_generator/gnativebmg.native_blk_mem_gen/valid.cstr:DINA<9>'
     RAMB16BWER:DIA4           0.300          ramloop[3].ram.r/s6_init.ram/SP.SIMPLE_PRIM18.ram
    ----------------------------------------
    Total                      3.930ns (1.727ns logic, 2.203ns route)
                                       (43.9% logic, 56.1% route)

=========================================================================
Timing constraint: Default OFFSET OUT AFTER for Clock 'clk'
  Total number of paths / destination ports: 206 / 71
-------------------------------------------------------------------------
Offset:              6.030ns (Levels of Logic = 3)
  Source:            memory/U0/xst_blk_mem_generator/gnativebmg.native_blk_mem_gen/valid.cstr/ramloop[12].ram.r/s6_init.ram/SP.SIMPLE_PRIM18.ram (RAM)
  Destination:       datafrommem<31> (PAD)
  Source Clock:      clk rising

  Data Path: memory/U0/xst_blk_mem_generator/gnativebmg.native_blk_mem_gen/valid.cstr/ramloop[12].ram.r/s6_init.ram/SP.SIMPLE_PRIM18.ram to datafrommem<31>
                                Gate     Net
    Cell:in->out      fanout   Delay   Delay  Logical Name (Net Name)
    ----------------------------------------  ------------
     RAMB16BWER:CLKA->DOPA0    1   1.850   0.827  ramloop[12].ram.r/s6_init.ram/SP.SIMPLE_PRIM18.ram (ramloop[12].ram.ram_douta<8>)
     LUT6:I2->O            1   0.203   0.579  has_mux_a.A/Mmux_dout_mux251 (DOUTA<31>)
     end scope: 'memory/U0/xst_blk_mem_generator/gnativebmg.native_blk_mem_gen/valid.cstr:DOUTA<31>'
     end scope: 'memory:douta<31>'
     OBUF:I->O                 2.571          datafrommem_31_OBUF (datafrommem<31>)
    ----------------------------------------
    Total                      6.030ns (4.624ns logic, 1.406ns route)
                                       (76.7% logic, 23.3% route)

=========================================================================

Cross Clock Domains Report:
--------------------------

=========================================================================


Total REAL time to Xst completion: 16.00 secs
Total CPU time to Xst completion: 15.98 secs
 
--> 

Total memory usage is 252128 kilobytes

Number of errors   :    0 (   0 filtered)
Number of warnings :    2 (   0 filtered)
Number of infos    :    1 (   0 filtered)

