Release 14.1 - xst P.15xf (nt64)
Copyright (c) 1995-2012 Xilinx, Inc.  All rights reserved.
--> Parameter TMPDIR set to xst/projnav.tmp


Total REAL time to Xst completion: 0.00 secs
Total CPU time to Xst completion: 0.09 secs
 
--> Parameter xsthdpdir set to xst


Total REAL time to Xst completion: 0.00 secs
Total CPU time to Xst completion: 0.09 secs
 
--> Reading design: pc.prj

TABLE OF CONTENTS
  1) Synthesis Options Summary
  2) HDL Compilation
  3) Design Hierarchy Analysis
  4) HDL Analysis
  5) HDL Synthesis
     5.1) HDL Synthesis Report
  6) Advanced HDL Synthesis
     6.1) Advanced HDL Synthesis Report
  7) Low Level Synthesis
  8) Partition Report
  9) Final Report
	9.1) Device utilization summary
	9.2) Partition Resource Summary
	9.3) TIMING REPORT


=========================================================================
*                      Synthesis Options Summary                        *
=========================================================================
---- Source Parameters
Input File Name                    : "pc.prj"
Input Format                       : mixed
Ignore Synthesis Constraint File   : NO

---- Target Parameters
Output File Name                   : "pc"
Output Format                      : NGC
Target Device                      : xc3s100e-5-cp132

---- Source Options
Top Module Name                    : pc
Automatic FSM Extraction           : YES
FSM Encoding Algorithm             : Auto
Safe Implementation                : No
FSM Style                          : LUT
RAM Extraction                     : Yes
RAM Style                          : Auto
ROM Extraction                     : Yes
Mux Style                          : Auto
Decoder Extraction                 : YES
Priority Encoder Extraction        : Yes
Shift Register Extraction          : YES
Logical Shifter Extraction         : YES
XOR Collapsing                     : YES
ROM Style                          : Auto
Mux Extraction                     : Yes
Resource Sharing                   : YES
Asynchronous To Synchronous        : NO
Multiplier Style                   : Auto
Automatic Register Balancing       : No

---- Target Options
Add IO Buffers                     : YES
Global Maximum Fanout              : 100000
Add Generic Clock Buffer(BUFG)     : 24
Register Duplication               : YES
Slice Packing                      : YES
Optimize Instantiated Primitives   : NO
Use Clock Enable                   : Yes
Use Synchronous Set                : Yes
Use Synchronous Reset              : Yes
Pack IO Registers into IOBs        : Auto
Equivalent register Removal        : YES

---- General Options
Optimization Goal                  : Speed
Optimization Effort                : 1
Keep Hierarchy                     : No
Netlist Hierarchy                  : As_Optimized
RTL Output                         : Yes
Global Optimization                : AllClockNets
Read Cores                         : YES
Write Timing Constraints           : NO
Cross Clock Analysis               : NO
Hierarchy Separator                : /
Bus Delimiter                      : <>
Case Specifier                     : Maintain
Slice Utilization Ratio            : 100
BRAM Utilization Ratio             : 100
Verilog 2001                       : YES
Auto BRAM Packing                  : NO
Slice Utilization Ratio Delta      : 5

=========================================================================


=========================================================================
*                          HDL Compilation                              *
=========================================================================
Compiling verilog file "pc.v" in library work
Module <pc> compiled
No errors in compilation
Analysis of file <"pc.prj"> succeeded.
 

=========================================================================
*                     Design Hierarchy Analysis                         *
=========================================================================
Analyzing hierarchy for module <pc> in library <work>.


=========================================================================
*                            HDL Analysis                               *
=========================================================================
Analyzing top module <pc>.
Module <pc> is correct for synthesis.
 

=========================================================================
*                           HDL Synthesis                               *
=========================================================================

Performing bidirectional port resolution...

Synthesizing Unit <pc>.
    Related source file is "pc.v".
    Found 32-bit register for signal <pc>.
    Found 32-bit adder for signal <pc$addsub0000> created at line 39.
    Summary:
	inferred  32 D-type flip-flop(s).
	inferred   1 Adder/Subtractor(s).
Unit <pc> synthesized.


=========================================================================
HDL Synthesis Report

Macro Statistics
# Adders/Subtractors                                   : 1
 32-bit adder                                          : 1
# Registers                                            : 1
 32-bit register                                       : 1

=========================================================================

=========================================================================
*                       Advanced HDL Synthesis                          *
=========================================================================


=========================================================================
Advanced HDL Synthesis Report

Macro Statistics
# Adders/Subtractors                                   : 1
 32-bit adder                                          : 1
# Registers                                            : 32
 Flip-Flops                                            : 32

=========================================================================

=========================================================================
*                         Low Level Synthesis                           *
=========================================================================

Optimizing unit <pc> ...

Mapping all equations...
Building and optimizing final netlist ...
Found area constraint ratio of 100 (+ 5) on block pc, actual ratio is 3.

Final Macro Processing ...

=========================================================================
Final Register Report

Macro Statistics
# Registers                                            : 32
 Flip-Flops                                            : 32

=========================================================================

=========================================================================
*                           Partition Report                            *
=========================================================================

Partition Implementation Status
-------------------------------

  No Partitions were found in this design.

-------------------------------

=========================================================================
*                            Final Report                               *
=========================================================================
Final Results
RTL Top Level Output File Name     : pc.ngr
Top Level Output File Name         : pc
Output Format                      : NGC
Optimization Goal                  : Speed
Keep Hierarchy                     : No

Design Statistics
# IOs                              : 67

Cell Usage :
# BELS                             : 123
#      GND                         : 1
#      INV                         : 1
#      LUT1                        : 29
#      LUT3                        : 32
#      MUXCY                       : 29
#      VCC                         : 1
#      XORCY                       : 30
# FlipFlops/Latches                : 32
#      FDR                         : 32
# Clock Buffers                    : 1
#      BUFGP                       : 1
# IO Buffers                       : 66
#      IBUF                        : 34
#      OBUF                        : 32
=========================================================================

Device utilization summary:
---------------------------

Selected Device : 3s100ecp132-5 

 Number of Slices:                       33  out of    960     3%  
 Number of Slice Flip Flops:             32  out of   1920     1%  
 Number of 4 input LUTs:                 62  out of   1920     3%  
 Number of IOs:                          67
 Number of bonded IOBs:                  67  out of     83    80%  
 Number of GCLKs:                         1  out of     24     4%  

---------------------------
Partition Resource Summary:
---------------------------

  No Partitions were found in this design.

---------------------------


=========================================================================
TIMING REPORT

NOTE: THESE TIMING NUMBERS ARE ONLY A SYNTHESIS ESTIMATE.
      FOR ACCURATE TIMING INFORMATION PLEASE REFER TO THE TRACE REPORT
      GENERATED AFTER PLACE-and-ROUTE.

Clock Information:
------------------
-----------------------------------+------------------------+-------+
Clock Signal                       | Clock buffer(FF name)  | Load  |
-----------------------------------+------------------------+-------+
clock                              | BUFGP                  | 32    |
-----------------------------------+------------------------+-------+

Asynchronous Control Signals Information:
----------------------------------------
No asynchronous control signals found in this design

Timing Summary:
---------------
Speed Grade: -5

   Minimum period: 5.418ns (Maximum Frequency: 184.555MHz)
   Minimum input arrival time before clock: 3.211ns
   Maximum output required time after clock: 4.063ns
   Maximum combinational path delay: No path found

Timing Detail:
--------------
All values displayed in nanoseconds (ns)

=========================================================================
Timing constraint: Default period analysis for Clock 'clock'
  Clock period: 5.418ns (frequency: 184.555MHz)
  Total number of paths / destination ports: 467 / 32
-------------------------------------------------------------------------
Delay:               5.418ns (Levels of Logic = 31)
  Source:            pc_3 (FF)
  Destination:       pc_31 (FF)
  Source Clock:      clock rising
  Destination Clock: clock rising

  Data Path: pc_3 to pc_31
                                Gate     Net
    Cell:in->out      fanout   Delay   Delay  Logical Name (Net Name)
    ----------------------------------------  ------------
     FDR:C->Q              2   0.514   0.532  pc_3 (pc_3)
     LUT1:I0->O            1   0.612   0.000  Madd_pc_addsub0000_cy<3>_rt (Madd_pc_addsub0000_cy<3>_rt)
     MUXCY:S->O            1   0.404   0.000  Madd_pc_addsub0000_cy<3> (Madd_pc_addsub0000_cy<3>)
     MUXCY:CI->O           1   0.052   0.000  Madd_pc_addsub0000_cy<4> (Madd_pc_addsub0000_cy<4>)
     MUXCY:CI->O           1   0.052   0.000  Madd_pc_addsub0000_cy<5> (Madd_pc_addsub0000_cy<5>)
     MUXCY:CI->O           1   0.052   0.000  Madd_pc_addsub0000_cy<6> (Madd_pc_addsub0000_cy<6>)
     MUXCY:CI->O           1   0.052   0.000  Madd_pc_addsub0000_cy<7> (Madd_pc_addsub0000_cy<7>)
     MUXCY:CI->O           1   0.052   0.000  Madd_pc_addsub0000_cy<8> (Madd_pc_addsub0000_cy<8>)
     MUXCY:CI->O           1   0.052   0.000  Madd_pc_addsub0000_cy<9> (Madd_pc_addsub0000_cy<9>)
     MUXCY:CI->O           1   0.052   0.000  Madd_pc_addsub0000_cy<10> (Madd_pc_addsub0000_cy<10>)
     MUXCY:CI->O           1   0.052   0.000  Madd_pc_addsub0000_cy<11> (Madd_pc_addsub0000_cy<11>)
     MUXCY:CI->O           1   0.052   0.000  Madd_pc_addsub0000_cy<12> (Madd_pc_addsub0000_cy<12>)
     MUXCY:CI->O           1   0.052   0.000  Madd_pc_addsub0000_cy<13> (Madd_pc_addsub0000_cy<13>)
     MUXCY:CI->O           1   0.052   0.000  Madd_pc_addsub0000_cy<14> (Madd_pc_addsub0000_cy<14>)
     MUXCY:CI->O           1   0.052   0.000  Madd_pc_addsub0000_cy<15> (Madd_pc_addsub0000_cy<15>)
     MUXCY:CI->O           1   0.052   0.000  Madd_pc_addsub0000_cy<16> (Madd_pc_addsub0000_cy<16>)
     MUXCY:CI->O           1   0.052   0.000  Madd_pc_addsub0000_cy<17> (Madd_pc_addsub0000_cy<17>)
     MUXCY:CI->O           1   0.052   0.000  Madd_pc_addsub0000_cy<18> (Madd_pc_addsub0000_cy<18>)
     MUXCY:CI->O           1   0.052   0.000  Madd_pc_addsub0000_cy<19> (Madd_pc_addsub0000_cy<19>)
     MUXCY:CI->O           1   0.052   0.000  Madd_pc_addsub0000_cy<20> (Madd_pc_addsub0000_cy<20>)
     MUXCY:CI->O           1   0.052   0.000  Madd_pc_addsub0000_cy<21> (Madd_pc_addsub0000_cy<21>)
     MUXCY:CI->O           1   0.052   0.000  Madd_pc_addsub0000_cy<22> (Madd_pc_addsub0000_cy<22>)
     MUXCY:CI->O           1   0.052   0.000  Madd_pc_addsub0000_cy<23> (Madd_pc_addsub0000_cy<23>)
     MUXCY:CI->O           1   0.052   0.000  Madd_pc_addsub0000_cy<24> (Madd_pc_addsub0000_cy<24>)
     MUXCY:CI->O           1   0.052   0.000  Madd_pc_addsub0000_cy<25> (Madd_pc_addsub0000_cy<25>)
     MUXCY:CI->O           1   0.052   0.000  Madd_pc_addsub0000_cy<26> (Madd_pc_addsub0000_cy<26>)
     MUXCY:CI->O           1   0.052   0.000  Madd_pc_addsub0000_cy<27> (Madd_pc_addsub0000_cy<27>)
     MUXCY:CI->O           1   0.052   0.000  Madd_pc_addsub0000_cy<28> (Madd_pc_addsub0000_cy<28>)
     MUXCY:CI->O           1   0.052   0.000  Madd_pc_addsub0000_cy<29> (Madd_pc_addsub0000_cy<29>)
     MUXCY:CI->O           0   0.052   0.000  Madd_pc_addsub0000_cy<30> (Madd_pc_addsub0000_cy<30>)
     XORCY:CI->O           1   0.699   0.387  Madd_pc_addsub0000_xor<31> (pc_addsub0000<31>)
     LUT3:I2->O            1   0.612   0.000  pc_mux0000<31>1 (pc_mux0000<31>)
     FDR:D                     0.268          pc_31
    ----------------------------------------
    Total                      5.418ns (4.500ns logic, 0.919ns route)
                                       (83.0% logic, 17.0% route)

=========================================================================
Timing constraint: Default OFFSET IN BEFORE for Clock 'clock'
  Total number of paths / destination ports: 96 / 64
-------------------------------------------------------------------------
Offset:              3.211ns (Levels of Logic = 2)
  Source:            control_use_npc (PAD)
  Destination:       pc_0 (FF)
  Destination Clock: clock rising

  Data Path: control_use_npc to pc_0
                                Gate     Net
    Cell:in->out      fanout   Delay   Delay  Logical Name (Net Name)
    ----------------------------------------  ------------
     IBUF:I->O            32   1.106   1.225  control_use_npc_IBUF (control_use_npc_IBUF)
     LUT3:I0->O            1   0.612   0.000  pc_mux0000<1>1 (pc_mux0000<1>)
     FDR:D                     0.268          pc_1
    ----------------------------------------
    Total                      3.211ns (1.986ns logic, 1.225ns route)
                                       (61.9% logic, 38.1% route)

=========================================================================
Timing constraint: Default OFFSET OUT AFTER for Clock 'clock'
  Total number of paths / destination ports: 32 / 32
-------------------------------------------------------------------------
Offset:              4.063ns (Levels of Logic = 1)
  Source:            pc_31 (FF)
  Destination:       instruction_address<31> (PAD)
  Source Clock:      clock rising

  Data Path: pc_31 to instruction_address<31>
                                Gate     Net
    Cell:in->out      fanout   Delay   Delay  Logical Name (Net Name)
    ----------------------------------------  ------------
     FDR:C->Q              2   0.514   0.380  pc_31 (pc_31)
     OBUF:I->O                 3.169          instruction_address_31_OBUF (instruction_address<31>)
    ----------------------------------------
    Total                      4.063ns (3.683ns logic, 0.380ns route)
                                       (90.6% logic, 9.4% route)

=========================================================================


Total REAL time to Xst completion: 5.00 secs
Total CPU time to Xst completion: 5.17 secs
 
--> 

Total memory usage is 253104 kilobytes

Number of errors   :    0 (   0 filtered)
Number of warnings :    0 (   0 filtered)
Number of infos    :    0 (   0 filtered)

