Release 14.1 - ngc2edif P.15xf (nt64)
Copyright (c) 1995-2012 Xilinx, Inc.  All rights reserved.
Reading design uart.ngc ...
WARNING:NetListWriters:298 - No output is written to uart.xncf, ignored.
Processing design ...
   Preping design's networks ...
   Preping design's macros ...
  finished :Prep
Writing EDIF netlist file uart.edif ...
ngc2edif: Total memory usage is 74768 kilobytes

Release 14.1 - ngc2edif P.15xf (nt64)
Copyright (c) 1995-2012 Xilinx, Inc.  All rights reserved.
Reading design uart.ngc ...
WARNING:NetListWriters:298 - No output is written to uart.xncf, ignored.
Processing design ...
   Preping design's networks ...
   Preping design's macros ...
  finished :Prep
Writing EDIF netlist file uart.edif ...
ngc2edif: Total memory usage is 75216 kilobytes

