Release 14.1 - xst P.15xf (nt64)
Copyright (c) 1995-2012 Xilinx, Inc.  All rights reserved.
--> Parameter TMPDIR set to xst/projnav.tmp


Total REAL time to Xst completion: 0.00 secs
Total CPU time to Xst completion: 0.16 secs
 
--> Parameter xsthdpdir set to xst


Total REAL time to Xst completion: 0.00 secs
Total CPU time to Xst completion: 0.17 secs
 
--> Reading design: RegisterBank.prj

TABLE OF CONTENTS
  1) Synthesis Options Summary
  2) HDL Parsing
  3) HDL Elaboration
  4) HDL Synthesis
       4.1) HDL Synthesis Report
  5) Advanced HDL Synthesis
       5.1) Advanced HDL Synthesis Report
  6) Low Level Synthesis
  7) Partition Report
  8) Design Summary
       8.1) Primitive and Black Box Usage
       8.2) Device utilization summary
       8.3) Partition Resource Summary
       8.4) Timing Report
            8.4.1) Clock Information
            8.4.2) Asynchronous Control Signals Information
            8.4.3) Timing Summary
            8.4.4) Timing Details
            8.4.5) Cross Clock Domains Report


=========================================================================
*                      Synthesis Options Summary                        *
=========================================================================
---- Source Parameters
Input File Name                    : "RegisterBank.prj"
Ignore Synthesis Constraint File   : NO

---- Target Parameters
Output File Name                   : "RegisterBank"
Output Format                      : NGC
Target Device                      : xc6slx16-3-csg324

---- Source Options
Top Module Name                    : RegisterBank
Automatic FSM Extraction           : YES
FSM Encoding Algorithm             : Auto
Safe Implementation                : No
FSM Style                          : LUT
RAM Extraction                     : Yes
RAM Style                          : Auto
ROM Extraction                     : Yes
Shift Register Extraction          : YES
ROM Style                          : Auto
Resource Sharing                   : YES
Asynchronous To Synchronous        : NO
Shift Register Minimum Size        : 2
Use DSP Block                      : Auto
Automatic Register Balancing       : No

---- Target Options
LUT Combining                      : Auto
Reduce Control Sets                : Auto
Add IO Buffers                     : YES
Global Maximum Fanout              : 100000
Add Generic Clock Buffer(BUFG)     : 16
Register Duplication               : YES
Optimize Instantiated Primitives   : NO
Use Clock Enable                   : Auto
Use Synchronous Set                : Auto
Use Synchronous Reset              : Auto
Pack IO Registers into IOBs        : Auto
Equivalent register Removal        : YES

---- General Options
Optimization Goal                  : Speed
Optimization Effort                : 1
Power Reduction                    : NO
Keep Hierarchy                     : No
Netlist Hierarchy                  : As_Optimized
RTL Output                         : Yes
Global Optimization                : AllClockNets
Read Cores                         : YES
Write Timing Constraints           : NO
Cross Clock Analysis               : NO
Hierarchy Separator                : /
Bus Delimiter                      : <>
Case Specifier                     : Maintain
Slice Utilization Ratio            : 100
BRAM Utilization Ratio             : 100
DSP48 Utilization Ratio            : 100
Auto BRAM Packing                  : NO
Slice Utilization Ratio Delta      : 5

---- Other Options
Cores Search Directories           : {"ipcore_dir"  }

=========================================================================


=========================================================================
*                          HDL Parsing                                  *
=========================================================================
Analyzing Verilog file "D:\facu\Arquitecturas de las computadoras\Practico\tpfinal\PracticoFinal_MIPS\MIPS\RegisterBank.v" into library work
Parsing module <RegisterBank>.

=========================================================================
*                            HDL Elaboration                            *
=========================================================================

Elaborating module <RegisterBank>.

=========================================================================
*                           HDL Synthesis                               *
=========================================================================

Synthesizing Unit <RegisterBank>.
    Related source file is "D:\facu\Arquitecturas de las computadoras\Practico\tpfinal\PracticoFinal_MIPS\MIPS\RegisterBank.v".
    Found 32-bit register for signal <reg2>.
    Found 1024-bit register for signal <n0050[1023:0]>.
    Found 32-bit register for signal <reg1>.
    Found 32-bit 32-to-1 multiplexer for signal <addr1[4]_data[31][31]_wide_mux_3_OUT> created at line 43.
    Found 32-bit 32-to-1 multiplexer for signal <addr2[4]_data[31][31]_wide_mux_4_OUT> created at line 44.
    Summary:
	inferred 1088 D-type flip-flop(s).
	inferred  34 Multiplexer(s).
Unit <RegisterBank> synthesized.

=========================================================================
HDL Synthesis Report

Macro Statistics
# Registers                                            : 3
 1024-bit register                                     : 1
 32-bit register                                       : 2
# Multiplexers                                         : 34
 32-bit 2-to-1 multiplexer                             : 32
 32-bit 32-to-1 multiplexer                            : 2

=========================================================================

=========================================================================
*                       Advanced HDL Synthesis                          *
=========================================================================


=========================================================================
Advanced HDL Synthesis Report

Macro Statistics
# Registers                                            : 1088
 Flip-Flops                                            : 1088
# Multiplexers                                         : 34
 32-bit 2-to-1 multiplexer                             : 32
 32-bit 32-to-1 multiplexer                            : 2

=========================================================================

=========================================================================
*                         Low Level Synthesis                           *
=========================================================================

Optimizing unit <RegisterBank> ...

Mapping all equations...
Building and optimizing final netlist ...
Found area constraint ratio of 100 (+ 5) on block RegisterBank, actual ratio is 26.

Final Macro Processing ...

=========================================================================
Final Register Report

Macro Statistics
# Registers                                            : 1088
 Flip-Flops                                            : 1088

=========================================================================

=========================================================================
*                           Partition Report                            *
=========================================================================

Partition Implementation Status
-------------------------------

  No Partitions were found in this design.

-------------------------------

=========================================================================
*                            Design Summary                             *
=========================================================================

Top Level Output File Name         : RegisterBank.ngc

Primitive and Black Box Usage:
------------------------------
# BELS                             : 1760
#      LUT3                        : 1024
#      LUT5                        : 32
#      LUT6                        : 640
#      MUXF7                       : 64
# FlipFlops/Latches                : 1088
#      FD                          : 64
#      FDRE_1                      : 1024
# Clock Buffers                    : 1
#      BUFGP                       : 1
# IO Buffers                       : 113
#      IBUF                        : 49
#      OBUF                        : 64

Device utilization summary:
---------------------------

Selected Device : 6slx16csg324-3 


Slice Logic Utilization: 
 Number of Slice Registers:            1088  out of  18224     5%  
 Number of Slice LUTs:                 1696  out of   9112    18%  
    Number used as Logic:              1696  out of   9112    18%  

Slice Logic Distribution: 
 Number of LUT Flip Flop pairs used:   1696
   Number with an unused Flip Flop:     608  out of   1696    35%  
   Number with an unused LUT:             0  out of   1696     0%  
   Number of fully used LUT-FF pairs:  1088  out of   1696    64%  
   Number of unique control sets:         2

IO Utilization: 
 Number of IOs:                         114
 Number of bonded IOBs:                 114  out of    232    49%  

Specific Feature Utilization:
 Number of BUFG/BUFGCTRLs:                1  out of     16     6%  

---------------------------
Partition Resource Summary:
---------------------------

  No Partitions were found in this design.

---------------------------


=========================================================================
Timing Report

NOTE: THESE TIMING NUMBERS ARE ONLY A SYNTHESIS ESTIMATE.
      FOR ACCURATE TIMING INFORMATION PLEASE REFER TO THE TRACE REPORT
      GENERATED AFTER PLACE-and-ROUTE.

Clock Information:
------------------
-----------------------------------+------------------------+-------+
Clock Signal                       | Clock buffer(FF name)  | Load  |
-----------------------------------+------------------------+-------+
clock                              | BUFGP                  | 1088  |
-----------------------------------+------------------------+-------+

Asynchronous Control Signals Information:
----------------------------------------
No asynchronous control signals found in this design

Timing Summary:
---------------
Speed Grade: -3

   Minimum period: 5.640ns (Maximum Frequency: 177.299MHz)
   Minimum input arrival time before clock: 5.128ns
   Maximum output required time after clock: 3.597ns
   Maximum combinational path delay: No path found

Timing Details:
---------------
All values displayed in nanoseconds (ns)

=========================================================================
Timing constraint: Default period analysis for Clock 'clock'
  Clock period: 5.640ns (frequency: 177.299MHz)
  Total number of paths / destination ports: 3072 / 1088
-------------------------------------------------------------------------
Delay:               2.820ns (Levels of Logic = 3)
  Source:            data_0_832 (FF)
  Destination:       registro2_0 (FF)
  Source Clock:      clock falling
  Destination Clock: clock rising

  Data Path: data_0_832 to registro2_0
                                Gate     Net
    Cell:in->out      fanout   Delay   Delay  Logical Name (Net Name)
    ----------------------------------------  ------------
     FDRE_1:C->Q           3   0.447   0.898  data_0_832 (data_0_832)
     LUT6:I2->O            1   0.203   0.827  Mmux_addr1[4]_data[31][31]_wide_mux_3_OUT_81 (Mmux_addr1[4]_data[31][31]_wide_mux_3_OUT_81)
     LUT6:I2->O            1   0.203   0.000  Mmux_addr1[4]_data[31][31]_wide_mux_3_OUT_3 (Mmux_addr1[4]_data[31][31]_wide_mux_3_OUT_3)
     MUXF7:I1->O           1   0.140   0.000  Mmux_addr1[4]_data[31][31]_wide_mux_3_OUT_2_f7 (addr1[4]_data[31][31]_wide_mux_3_OUT<0>)
     FD:D                      0.102          registro1_0
    ----------------------------------------
    Total                      2.820ns (1.095ns logic, 1.725ns route)
                                       (38.8% logic, 61.2% route)

=========================================================================
Timing constraint: Default OFFSET IN BEFORE for Clock 'clock'
  Total number of paths / destination ports: 9536 / 3136
-------------------------------------------------------------------------
Offset:              5.128ns (Levels of Logic = 4)
  Source:            addr2<1> (PAD)
  Destination:       registro2_0 (FF)
  Destination Clock: clock rising

  Data Path: addr2<1> to registro2_0
                                Gate     Net
    Cell:in->out      fanout   Delay   Delay  Logical Name (Net Name)
    ----------------------------------------  ------------
     IBUF:I->O           256   1.222   2.431  addr2_1_IBUF (addr2_1_IBUF)
     LUT6:I0->O            1   0.203   0.827  Mmux_addr2[4]_data[31][31]_wide_mux_4_OUT_81 (Mmux_addr2[4]_data[31][31]_wide_mux_4_OUT_81)
     LUT6:I2->O            1   0.203   0.000  Mmux_addr2[4]_data[31][31]_wide_mux_4_OUT_3 (Mmux_addr2[4]_data[31][31]_wide_mux_4_OUT_3)
     MUXF7:I1->O           1   0.140   0.000  Mmux_addr2[4]_data[31][31]_wide_mux_4_OUT_2_f7 (addr2[4]_data[31][31]_wide_mux_4_OUT<0>)
     FD:D                      0.102          registro2_0
    ----------------------------------------
    Total                      5.128ns (1.870ns logic, 3.258ns route)
                                       (36.5% logic, 63.5% route)

=========================================================================
Timing constraint: Default OFFSET OUT AFTER for Clock 'clock'
  Total number of paths / destination ports: 64 / 64
-------------------------------------------------------------------------
Offset:              3.597ns (Levels of Logic = 1)
  Source:            registro1_31 (FF)
  Destination:       reg1<31> (PAD)
  Source Clock:      clock rising

  Data Path: registro1_31 to reg1<31>
                                Gate     Net
    Cell:in->out      fanout   Delay   Delay  Logical Name (Net Name)
    ----------------------------------------  ------------
     FD:C->Q               1   0.447   0.579  registro1_31 (registro1_31)
     OBUF:I->O                 2.571          reg1_31_OBUF (reg1<31>)
    ----------------------------------------
    Total                      3.597ns (3.018ns logic, 0.579ns route)
                                       (83.9% logic, 16.1% route)

=========================================================================

Cross Clock Domains Report:
--------------------------

Clock to Setup on destination clock clock
---------------+---------+---------+---------+---------+
               | Src:Rise| Src:Fall| Src:Rise| Src:Fall|
Source Clock   |Dest:Rise|Dest:Rise|Dest:Fall|Dest:Fall|
---------------+---------+---------+---------+---------+
clock          |         |    2.820|    1.507|         |
---------------+---------+---------+---------+---------+

=========================================================================


Total REAL time to Xst completion: 15.00 secs
Total CPU time to Xst completion: 15.08 secs
 
--> 

Total memory usage is 258748 kilobytes

Number of errors   :    0 (   0 filtered)
Number of warnings :    0 (   0 filtered)
Number of infos    :    0 (   0 filtered)

