Release 14.1 - xst P.15xf (nt64)
Copyright (c) 1995-2012 Xilinx, Inc.  All rights reserved.
--> Parameter TMPDIR set to xst/projnav.tmp


Total REAL time to Xst completion: 0.00 secs
Total CPU time to Xst completion: 0.09 secs
 
--> Parameter xsthdpdir set to xst


Total REAL time to Xst completion: 0.00 secs
Total CPU time to Xst completion: 0.09 secs
 
--> Reading design: stage_exe.prj

TABLE OF CONTENTS
  1) Synthesis Options Summary
  2) HDL Compilation
  3) Design Hierarchy Analysis
  4) HDL Analysis
  5) HDL Synthesis
     5.1) HDL Synthesis Report
  6) Advanced HDL Synthesis
     6.1) Advanced HDL Synthesis Report
  7) Low Level Synthesis
  8) Partition Report
  9) Final Report
	9.1) Device utilization summary
	9.2) Partition Resource Summary
	9.3) TIMING REPORT


=========================================================================
*                      Synthesis Options Summary                        *
=========================================================================
---- Source Parameters
Input File Name                    : "stage_exe.prj"
Input Format                       : mixed
Ignore Synthesis Constraint File   : NO

---- Target Parameters
Output File Name                   : "stage_exe"
Output Format                      : NGC
Target Device                      : xc3s100e-5-cp132

---- Source Options
Top Module Name                    : stage_exe
Automatic FSM Extraction           : YES
FSM Encoding Algorithm             : Auto
Safe Implementation                : No
FSM Style                          : LUT
RAM Extraction                     : Yes
RAM Style                          : Auto
ROM Extraction                     : Yes
Mux Style                          : Auto
Decoder Extraction                 : YES
Priority Encoder Extraction        : Yes
Shift Register Extraction          : YES
Logical Shifter Extraction         : YES
XOR Collapsing                     : YES
ROM Style                          : Auto
Mux Extraction                     : Yes
Resource Sharing                   : YES
Asynchronous To Synchronous        : NO
Multiplier Style                   : Auto
Automatic Register Balancing       : No

---- Target Options
Add IO Buffers                     : YES
Global Maximum Fanout              : 500
Add Generic Clock Buffer(BUFG)     : 24
Register Duplication               : YES
Slice Packing                      : YES
Optimize Instantiated Primitives   : NO
Use Clock Enable                   : Yes
Use Synchronous Set                : Yes
Use Synchronous Reset              : Yes
Pack IO Registers into IOBs        : Auto
Equivalent register Removal        : YES

---- General Options
Optimization Goal                  : Speed
Optimization Effort                : 1
Keep Hierarchy                     : No
Netlist Hierarchy                  : As_Optimized
RTL Output                         : Yes
Global Optimization                : AllClockNets
Read Cores                         : YES
Write Timing Constraints           : NO
Cross Clock Analysis               : NO
Hierarchy Separator                : /
Bus Delimiter                      : <>
Case Specifier                     : Maintain
Slice Utilization Ratio            : 100
BRAM Utilization Ratio             : 100
Verilog 2001                       : YES
Auto BRAM Packing                  : NO
Slice Utilization Ratio Delta      : 5

=========================================================================


=========================================================================
*                          HDL Compilation                              *
=========================================================================
Compiling verilog file "alu.v" in library work
Compiling verilog file "stage_exe.v" in library work
Module <alu> compiled
Module <stage_exe> compiled
No errors in compilation
Analysis of file <"stage_exe.prj"> succeeded.
 

=========================================================================
*                     Design Hierarchy Analysis                         *
=========================================================================
Analyzing hierarchy for module <stage_exe> in library <work>.

Analyzing hierarchy for module <alu> in library <work>.


=========================================================================
*                            HDL Analysis                               *
=========================================================================
Analyzing top module <stage_exe>.
Module <stage_exe> is correct for synthesis.
 
Analyzing module <alu> in library <work>.
Module <alu> is correct for synthesis.
 

=========================================================================
*                           HDL Synthesis                               *
=========================================================================

Performing bidirectional port resolution...

Synthesizing Unit <alu>.
    Related source file is "alu.v".
    Found 32-bit addsub for signal <out$addsub0000>.
    Summary:
	inferred   1 Adder/Subtractor(s).
Unit <alu> synthesized.


Synthesizing Unit <stage_exe>.
    Related source file is "stage_exe.v".
    Found 32-bit register for signal <jump_address>.
    Found 32-bit register for signal <out>.
    Found 1-bit register for signal <use_npc>.
    Found 32-bit adder for signal <jump_address$add0000> created at line 61.
    Summary:
	inferred  65 D-type flip-flop(s).
	inferred   1 Adder/Subtractor(s).
Unit <stage_exe> synthesized.

INFO:Xst:1767 - HDL ADVISOR - Resource sharing has identified that some arithmetic operations in this design can share the same physical resources for reduced device utilization. For improved clock frequency you may try to disable resource sharing.

=========================================================================
HDL Synthesis Report

Macro Statistics
# Adders/Subtractors                                   : 2
 32-bit adder                                          : 1
 32-bit addsub                                         : 1
# Registers                                            : 3
 1-bit register                                        : 1
 32-bit register                                       : 2

=========================================================================

=========================================================================
*                       Advanced HDL Synthesis                          *
=========================================================================


=========================================================================
Advanced HDL Synthesis Report

Macro Statistics
# Adders/Subtractors                                   : 2
 32-bit adder                                          : 1
 32-bit addsub                                         : 1
# Registers                                            : 65
 Flip-Flops                                            : 65

=========================================================================

=========================================================================
*                         Low Level Synthesis                           *
=========================================================================

Optimizing unit <stage_exe> ...

Optimizing unit <alu> ...

Mapping all equations...
Building and optimizing final netlist ...
Found area constraint ratio of 100 (+ 5) on block stage_exe, actual ratio is 12.

Final Macro Processing ...

=========================================================================
Final Register Report

Macro Statistics
# Registers                                            : 65
 Flip-Flops                                            : 65

=========================================================================

=========================================================================
*                           Partition Report                            *
=========================================================================

Partition Implementation Status
-------------------------------

  No Partitions were found in this design.

-------------------------------

=========================================================================
*                            Final Report                               *
=========================================================================
Final Results
RTL Top Level Output File Name     : stage_exe.ngr
Top Level Output File Name         : stage_exe
Output Format                      : NGC
Optimization Goal                  : Speed
Keep Hierarchy                     : No

Design Statistics
# IOs                              : 200

Cell Usage :
# BELS                             : 383
#      GND                         : 1
#      LUT2                        : 33
#      LUT3                        : 113
#      LUT4                        : 72
#      MUXCY                       : 71
#      MUXF5                       : 28
#      VCC                         : 1
#      XORCY                       : 64
# FlipFlops/Latches                : 65
#      FDR                         : 64
#      FDS                         : 1
# Clock Buffers                    : 1
#      BUFGP                       : 1
# IO Buffers                       : 199
#      IBUF                        : 134
#      OBUF                        : 65
=========================================================================

Device utilization summary:
---------------------------

Selected Device : 3s100ecp132-5 

 Number of Slices:                      116  out of    960    12%  
 Number of 4 input LUTs:                218  out of   1920    11%  
 Number of IOs:                         200
 Number of bonded IOBs:                 200  out of     83   240% (*) 
    IOB Flip Flops:                      65
 Number of GCLKs:                         1  out of     24     4%  

WARNING:Xst:1336 -  (*) More than 100% of Device resources are used

---------------------------
Partition Resource Summary:
---------------------------

  No Partitions were found in this design.

---------------------------


=========================================================================
TIMING REPORT

NOTE: THESE TIMING NUMBERS ARE ONLY A SYNTHESIS ESTIMATE.
      FOR ACCURATE TIMING INFORMATION PLEASE REFER TO THE TRACE REPORT
      GENERATED AFTER PLACE-and-ROUTE.

Clock Information:
------------------
-----------------------------------+------------------------+-------+
Clock Signal                       | Clock buffer(FF name)  | Load  |
-----------------------------------+------------------------+-------+
clock                              | BUFGP                  | 65    |
-----------------------------------+------------------------+-------+

Asynchronous Control Signals Information:
----------------------------------------
No asynchronous control signals found in this design

Timing Summary:
---------------
Speed Grade: -5

   Minimum period: No path found
   Minimum input arrival time before clock: 11.416ns
   Maximum output required time after clock: 4.040ns
   Maximum combinational path delay: No path found

Timing Detail:
--------------
All values displayed in nanoseconds (ns)

=========================================================================
Timing constraint: Default OFFSET IN BEFORE for Clock 'clock'
  Total number of paths / destination ports: 16674 / 130
-------------------------------------------------------------------------
Offset:              11.416ns (Levels of Logic = 37)
  Source:            control_alu_op<0> (PAD)
  Destination:       use_npc (FF)
  Destination Clock: clock rising

  Data Path: control_alu_op<0> to use_npc
                                Gate     Net
    Cell:in->out      fanout   Delay   Delay  Logical Name (Net Name)
    ----------------------------------------  ------------
     IBUF:I->O            34   1.106   1.225  control_alu_op_0_IBUF (control_alu_op_0_IBUF)
     LUT3:I0->O           33   0.612   1.103  arith_log_unit/out_mux00002 (arith_log_unit/out_mux0000)
     LUT3:I2->O            1   0.612   0.000  arith_log_unit/Maddsub_out_addsub0000_lut<0> (arith_log_unit/Maddsub_out_addsub0000_lut<0>)
     MUXCY:S->O            1   0.404   0.000  arith_log_unit/Maddsub_out_addsub0000_cy<0> (arith_log_unit/Maddsub_out_addsub0000_cy<0>)
     MUXCY:CI->O           1   0.051   0.000  arith_log_unit/Maddsub_out_addsub0000_cy<1> (arith_log_unit/Maddsub_out_addsub0000_cy<1>)
     MUXCY:CI->O           1   0.051   0.000  arith_log_unit/Maddsub_out_addsub0000_cy<2> (arith_log_unit/Maddsub_out_addsub0000_cy<2>)
     MUXCY:CI->O           1   0.051   0.000  arith_log_unit/Maddsub_out_addsub0000_cy<3> (arith_log_unit/Maddsub_out_addsub0000_cy<3>)
     MUXCY:CI->O           1   0.051   0.000  arith_log_unit/Maddsub_out_addsub0000_cy<4> (arith_log_unit/Maddsub_out_addsub0000_cy<4>)
     MUXCY:CI->O           1   0.051   0.000  arith_log_unit/Maddsub_out_addsub0000_cy<5> (arith_log_unit/Maddsub_out_addsub0000_cy<5>)
     MUXCY:CI->O           1   0.051   0.000  arith_log_unit/Maddsub_out_addsub0000_cy<6> (arith_log_unit/Maddsub_out_addsub0000_cy<6>)
     MUXCY:CI->O           1   0.051   0.000  arith_log_unit/Maddsub_out_addsub0000_cy<7> (arith_log_unit/Maddsub_out_addsub0000_cy<7>)
     MUXCY:CI->O           1   0.051   0.000  arith_log_unit/Maddsub_out_addsub0000_cy<8> (arith_log_unit/Maddsub_out_addsub0000_cy<8>)
     MUXCY:CI->O           1   0.051   0.000  arith_log_unit/Maddsub_out_addsub0000_cy<9> (arith_log_unit/Maddsub_out_addsub0000_cy<9>)
     MUXCY:CI->O           1   0.051   0.000  arith_log_unit/Maddsub_out_addsub0000_cy<10> (arith_log_unit/Maddsub_out_addsub0000_cy<10>)
     MUXCY:CI->O           1   0.051   0.000  arith_log_unit/Maddsub_out_addsub0000_cy<11> (arith_log_unit/Maddsub_out_addsub0000_cy<11>)
     MUXCY:CI->O           1   0.051   0.000  arith_log_unit/Maddsub_out_addsub0000_cy<12> (arith_log_unit/Maddsub_out_addsub0000_cy<12>)
     MUXCY:CI->O           1   0.051   0.000  arith_log_unit/Maddsub_out_addsub0000_cy<13> (arith_log_unit/Maddsub_out_addsub0000_cy<13>)
     MUXCY:CI->O           1   0.051   0.000  arith_log_unit/Maddsub_out_addsub0000_cy<14> (arith_log_unit/Maddsub_out_addsub0000_cy<14>)
     MUXCY:CI->O           1   0.051   0.000  arith_log_unit/Maddsub_out_addsub0000_cy<15> (arith_log_unit/Maddsub_out_addsub0000_cy<15>)
     MUXCY:CI->O           1   0.051   0.000  arith_log_unit/Maddsub_out_addsub0000_cy<16> (arith_log_unit/Maddsub_out_addsub0000_cy<16>)
     MUXCY:CI->O           1   0.051   0.000  arith_log_unit/Maddsub_out_addsub0000_cy<17> (arith_log_unit/Maddsub_out_addsub0000_cy<17>)
     MUXCY:CI->O           1   0.051   0.000  arith_log_unit/Maddsub_out_addsub0000_cy<18> (arith_log_unit/Maddsub_out_addsub0000_cy<18>)
     MUXCY:CI->O           1   0.051   0.000  arith_log_unit/Maddsub_out_addsub0000_cy<19> (arith_log_unit/Maddsub_out_addsub0000_cy<19>)
     MUXCY:CI->O           1   0.051   0.000  arith_log_unit/Maddsub_out_addsub0000_cy<20> (arith_log_unit/Maddsub_out_addsub0000_cy<20>)
     MUXCY:CI->O           1   0.051   0.000  arith_log_unit/Maddsub_out_addsub0000_cy<21> (arith_log_unit/Maddsub_out_addsub0000_cy<21>)
     XORCY:CI->O           1   0.699   0.426  arith_log_unit/Maddsub_out_addsub0000_xor<22> (arith_log_unit/out_addsub0000<22>)
     LUT4:I1->O            1   0.612   0.509  arith_log_unit/out<22>39 (arith_log_unit/out<22>39)
     LUT3:I0->O            2   0.612   0.532  arith_log_unit/out<22>53 (t_out<22>)
     LUT4:I0->O            1   0.612   0.000  use_npc_not0001_wg_lut<1> (use_npc_not0001_wg_lut<1>)
     MUXCY:S->O            1   0.404   0.000  use_npc_not0001_wg_cy<1> (use_npc_not0001_wg_cy<1>)
     MUXCY:CI->O           1   0.052   0.000  use_npc_not0001_wg_cy<2> (use_npc_not0001_wg_cy<2>)
     MUXCY:CI->O           1   0.052   0.000  use_npc_not0001_wg_cy<3> (use_npc_not0001_wg_cy<3>)
     MUXCY:CI->O           1   0.052   0.000  use_npc_not0001_wg_cy<4> (use_npc_not0001_wg_cy<4>)
     MUXCY:CI->O           1   0.052   0.000  use_npc_not0001_wg_cy<5> (use_npc_not0001_wg_cy<5>)
     MUXCY:CI->O           1   0.052   0.000  use_npc_not0001_wg_cy<6> (use_npc_not0001_wg_cy<6>)
     MUXCY:CI->O           1   0.052   0.000  use_npc_not0001_wg_cy<7> (use_npc_not0001_wg_cy<7>)
     MUXCY:CI->O           1   0.289   0.000  use_npc_not0001_wg_cy<8> (use_npc_not0001)
     FDS:D                     0.268          use_npc
    ----------------------------------------
    Total                     11.416ns (7.620ns logic, 3.796ns route)
                                       (66.8% logic, 33.2% route)

=========================================================================
Timing constraint: Default OFFSET OUT AFTER for Clock 'clock'
  Total number of paths / destination ports: 65 / 65
-------------------------------------------------------------------------
Offset:              4.040ns (Levels of Logic = 1)
  Source:            use_npc (FF)
  Destination:       use_npc (PAD)
  Source Clock:      clock rising

  Data Path: use_npc to use_npc
                                Gate     Net
    Cell:in->out      fanout   Delay   Delay  Logical Name (Net Name)
    ----------------------------------------  ------------
     FDS:C->Q              1   0.514   0.357  use_npc (use_npc_OBUF)
     OBUF:I->O                 3.169          use_npc_OBUF (use_npc)
    ----------------------------------------
    Total                      4.040ns (3.683ns logic, 0.357ns route)
                                       (91.2% logic, 8.8% route)

=========================================================================


Total REAL time to Xst completion: 6.00 secs
Total CPU time to Xst completion: 6.42 secs
 
--> 

Total memory usage is 258736 kilobytes

Number of errors   :    0 (   0 filtered)
Number of warnings :    1 (   0 filtered)
Number of infos    :    1 (   0 filtered)

