Release 14.1 - xst P.15xf (nt64)
Copyright (c) 1995-2012 Xilinx, Inc.  All rights reserved.
--> Parameter TMPDIR set to xst/projnav.tmp


Total REAL time to Xst completion: 0.00 secs
Total CPU time to Xst completion: 0.18 secs
 
--> Parameter xsthdpdir set to xst


Total REAL time to Xst completion: 0.00 secs
Total CPU time to Xst completion: 0.18 secs
 
--> Reading design: CPU.prj

TABLE OF CONTENTS
  1) Synthesis Options Summary
  2) HDL Compilation
  3) Design Hierarchy Analysis
  4) HDL Analysis
  5) HDL Synthesis
     5.1) HDL Synthesis Report
  6) Advanced HDL Synthesis
     6.1) Advanced HDL Synthesis Report
  7) Low Level Synthesis
  8) Partition Report
  9) Final Report
	9.1) Device utilization summary
	9.2) Partition Resource Summary
	9.3) TIMING REPORT


=========================================================================
*                      Synthesis Options Summary                        *
=========================================================================
---- Source Parameters
Input File Name                    : "CPU.prj"
Input Format                       : mixed
Ignore Synthesis Constraint File   : NO

---- Target Parameters
Output File Name                   : "CPU"
Output Format                      : NGC
Target Device                      : xc3s100e-5-cp132

---- Source Options
Top Module Name                    : CPU
Automatic FSM Extraction           : YES
FSM Encoding Algorithm             : Auto
Safe Implementation                : No
FSM Style                          : LUT
RAM Extraction                     : Yes
RAM Style                          : Auto
ROM Extraction                     : Yes
Mux Style                          : Auto
Decoder Extraction                 : YES
Priority Encoder Extraction        : Yes
Shift Register Extraction          : YES
Logical Shifter Extraction         : YES
XOR Collapsing                     : YES
ROM Style                          : Auto
Mux Extraction                     : Yes
Resource Sharing                   : YES
Asynchronous To Synchronous        : NO
Multiplier Style                   : Auto
Automatic Register Balancing       : No

---- Target Options
Add IO Buffers                     : YES
Global Maximum Fanout              : 100000
Add Generic Clock Buffer(BUFG)     : 24
Register Duplication               : YES
Slice Packing                      : YES
Optimize Instantiated Primitives   : NO
Use Clock Enable                   : Yes
Use Synchronous Set                : Yes
Use Synchronous Reset              : Yes
Pack IO Registers into IOBs        : Auto
Equivalent register Removal        : YES

---- General Options
Optimization Goal                  : Speed
Optimization Effort                : 1
Keep Hierarchy                     : No
Netlist Hierarchy                  : As_Optimized
RTL Output                         : Yes
Global Optimization                : AllClockNets
Read Cores                         : YES
Write Timing Constraints           : NO
Cross Clock Analysis               : NO
Hierarchy Separator                : /
Bus Delimiter                      : <>
Case Specifier                     : Maintain
Slice Utilization Ratio            : 100
BRAM Utilization Ratio             : 100
Verilog 2001                       : YES
Auto BRAM Packing                  : NO
Slice Utilization Ratio Delta      : 5

=========================================================================


=========================================================================
*                          HDL Compilation                              *
=========================================================================
Compiling verilog file "SignalExtension.v" in library work
Compiling verilog file "PC.v" in library work
Module <SignalExtension> compiled
Compiling verilog file "MuxB.v" in library work
Module <PC> compiled
Compiling verilog file "MuxA.v" in library work
Module <MuxB> compiled
Compiling verilog file "Instruction_Decoder.v" in library work
Module <MuxA> compiled
Compiling verilog file "ALU.v" in library work
Module <Instruction_Decoder> compiled
Compiling verilog file "Acc.v" in library work
Module <ALU> compiled
Compiling verilog file "Datapath.v" in library work
Module <Acc> compiled
Compiling verilog file "Control.v" in library work
Module <Datapath> compiled
Compiling verilog file "CPU.v" in library work
Module <Control> compiled
Module <CPU> compiled
No errors in compilation
Analysis of file <"CPU.prj"> succeeded.
 

=========================================================================
*                     Design Hierarchy Analysis                         *
=========================================================================
Analyzing hierarchy for module <CPU> in library <work>.

Analyzing hierarchy for module <Control> in library <work>.

Analyzing hierarchy for module <Datapath> in library <work>.

Analyzing hierarchy for module <PC> in library <work>.

Analyzing hierarchy for module <Instruction_Decoder> in library <work>.

Analyzing hierarchy for module <SignalExtension> in library <work>.

Analyzing hierarchy for module <MuxA> in library <work>.

Analyzing hierarchy for module <MuxB> in library <work>.

Analyzing hierarchy for module <Acc> in library <work>.

Analyzing hierarchy for module <ALU> in library <work>.


=========================================================================
*                            HDL Analysis                               *
=========================================================================
Analyzing top module <CPU>.
Module <CPU> is correct for synthesis.
 
Analyzing module <Control> in library <work>.
Module <Control> is correct for synthesis.
 
Analyzing module <PC> in library <work>.
Module <PC> is correct for synthesis.
 
Analyzing module <Instruction_Decoder> in library <work>.
Module <Instruction_Decoder> is correct for synthesis.
 
Analyzing module <Datapath> in library <work>.
Module <Datapath> is correct for synthesis.
 
Analyzing module <SignalExtension> in library <work>.
Module <SignalExtension> is correct for synthesis.
 
Analyzing module <MuxA> in library <work>.
Module <MuxA> is correct for synthesis.
 
Analyzing module <MuxB> in library <work>.
Module <MuxB> is correct for synthesis.
 
Analyzing module <Acc> in library <work>.
Module <Acc> is correct for synthesis.
 
Analyzing module <ALU> in library <work>.
Module <ALU> is correct for synthesis.
 

=========================================================================
*                           HDL Synthesis                               *
=========================================================================

Performing bidirectional port resolution...

Synthesizing Unit <PC>.
    Related source file is "PC.v".
    Found 11-bit up counter for signal <Addr>.
    Summary:
	inferred   1 Counter(s).
Unit <PC> synthesized.


Synthesizing Unit <Instruction_Decoder>.
    Related source file is "Instruction_Decoder.v".
Unit <Instruction_Decoder> synthesized.


Synthesizing Unit <SignalExtension>.
    Related source file is "SignalExtension.v".
Unit <SignalExtension> synthesized.


Synthesizing Unit <MuxA>.
    Related source file is "MuxA.v".
    Found 16-bit 4-to-1 multiplexer for signal <Accumulator>.
    Summary:
	inferred  16 Multiplexer(s).
Unit <MuxA> synthesized.


Synthesizing Unit <MuxB>.
    Related source file is "MuxB.v".
Unit <MuxB> synthesized.


Synthesizing Unit <Acc>.
    Related source file is "Acc.v".
    Found 16-bit register for signal <Accumulator>.
    Summary:
	inferred  16 D-type flip-flop(s).
Unit <Acc> synthesized.


Synthesizing Unit <ALU>.
    Related source file is "ALU.v".
    Found 16-bit addsub for signal <Result>.
    Summary:
	inferred   1 Adder/Subtractor(s).
Unit <ALU> synthesized.


Synthesizing Unit <Control>.
    Related source file is "Control.v".
Unit <Control> synthesized.


Synthesizing Unit <Datapath>.
    Related source file is "Datapath.v".
Unit <Datapath> synthesized.


Synthesizing Unit <CPU>.
    Related source file is "CPU.v".
Unit <CPU> synthesized.

INFO:Xst:1767 - HDL ADVISOR - Resource sharing has identified that some arithmetic operations in this design can share the same physical resources for reduced device utilization. For improved clock frequency you may try to disable resource sharing.

=========================================================================
HDL Synthesis Report

Macro Statistics
# Adders/Subtractors                                   : 1
 16-bit addsub                                         : 1
# Counters                                             : 1
 11-bit up counter                                     : 1
# Registers                                            : 1
 16-bit register                                       : 1
# Multiplexers                                         : 1
 16-bit 4-to-1 multiplexer                             : 1

=========================================================================

=========================================================================
*                       Advanced HDL Synthesis                          *
=========================================================================


=========================================================================
Advanced HDL Synthesis Report

Macro Statistics
# Adders/Subtractors                                   : 1
 16-bit addsub                                         : 1
# Counters                                             : 1
 11-bit up counter                                     : 1
# Registers                                            : 16
 Flip-Flops                                            : 16
# Multiplexers                                         : 1
 16-bit 4-to-1 multiplexer                             : 1

=========================================================================

=========================================================================
*                         Low Level Synthesis                           *
=========================================================================

Optimizing unit <CPU> ...

Optimizing unit <Acc> ...

Mapping all equations...
Building and optimizing final netlist ...
Found area constraint ratio of 100 (+ 5) on block CPU, actual ratio is 4.

Final Macro Processing ...

=========================================================================
Final Register Report

Macro Statistics
# Registers                                            : 27
 Flip-Flops                                            : 27

=========================================================================

=========================================================================
*                           Partition Report                            *
=========================================================================

Partition Implementation Status
-------------------------------

  No Partitions were found in this design.

-------------------------------

=========================================================================
*                            Final Report                               *
=========================================================================
Final Results
RTL Top Level Output File Name     : CPU.ngr
Top Level Output File Name         : CPU
Output Format                      : NGC
Optimization Goal                  : Speed
Keep Hierarchy                     : No

Design Statistics
# IOs                              : 74

Cell Usage :
# BELS                             : 139
#      GND                         : 1
#      INV                         : 1
#      LUT1                        : 10
#      LUT2                        : 1
#      LUT3                        : 23
#      LUT4                        : 39
#      MUXCY                       : 25
#      MUXF5                       : 11
#      VCC                         : 1
#      XORCY                       : 27
# FlipFlops/Latches                : 27
#      FDE_1                       : 16
#      FDR                         : 11
# Clock Buffers                    : 1
#      BUFGP                       : 1
# IO Buffers                       : 73
#      IBUF                        : 33
#      OBUF                        : 40
=========================================================================

Device utilization summary:
---------------------------

Selected Device : 3s100ecp132-5 

 Number of Slices:                       39  out of    960     4%  
 Number of Slice Flip Flops:             27  out of   1920     1%  
 Number of 4 input LUTs:                 74  out of   1920     3%  
 Number of IOs:                          74
 Number of bonded IOBs:                  74  out of     83    89%  
 Number of GCLKs:                         1  out of     24     4%  

---------------------------
Partition Resource Summary:
---------------------------

  No Partitions were found in this design.

---------------------------


=========================================================================
TIMING REPORT

NOTE: THESE TIMING NUMBERS ARE ONLY A SYNTHESIS ESTIMATE.
      FOR ACCURATE TIMING INFORMATION PLEASE REFER TO THE TRACE REPORT
      GENERATED AFTER PLACE-and-ROUTE.

Clock Information:
------------------
-----------------------------------+------------------------+-------+
Clock Signal                       | Clock buffer(FF name)  | Load  |
-----------------------------------+------------------------+-------+
Clock                              | BUFGP                  | 27    |
-----------------------------------+------------------------+-------+

Asynchronous Control Signals Information:
----------------------------------------
No asynchronous control signals found in this design

Timing Summary:
---------------
Speed Grade: -5

   Minimum period: 4.620ns (Maximum Frequency: 216.429MHz)
   Minimum input arrival time before clock: 8.625ns
   Maximum output required time after clock: 4.063ns
   Maximum combinational path delay: 7.820ns

Timing Detail:
--------------
All values displayed in nanoseconds (ns)

=========================================================================
Timing constraint: Default period analysis for Clock 'Clock'
  Clock period: 4.620ns (frequency: 216.429MHz)
  Total number of paths / destination ports: 322 / 27
-------------------------------------------------------------------------
Delay:               4.620ns (Levels of Logic = 14)
  Source:            dp/Accumulator/Accumulator_0 (FF)
  Destination:       dp/Accumulator/Accumulator_10 (FF)
  Source Clock:      Clock falling
  Destination Clock: Clock falling

  Data Path: dp/Accumulator/Accumulator_0 to dp/Accumulator/Accumulator_10
                                Gate     Net
    Cell:in->out      fanout   Delay   Delay  Logical Name (Net Name)
    ----------------------------------------  ------------
     FDE_1:C->Q            2   0.514   0.410  dp/Accumulator/Accumulator_0 (dp/Accumulator/Accumulator_0)
     LUT3:I2->O            1   0.612   0.000  dp/Alunit/Maddsub_Result_lut<0> (dp/Alunit/Maddsub_Result_lut<0>)
     MUXCY:S->O            1   0.404   0.000  dp/Alunit/Maddsub_Result_cy<0> (dp/Alunit/Maddsub_Result_cy<0>)
     MUXCY:CI->O           1   0.052   0.000  dp/Alunit/Maddsub_Result_cy<1> (dp/Alunit/Maddsub_Result_cy<1>)
     MUXCY:CI->O           1   0.052   0.000  dp/Alunit/Maddsub_Result_cy<2> (dp/Alunit/Maddsub_Result_cy<2>)
     MUXCY:CI->O           1   0.052   0.000  dp/Alunit/Maddsub_Result_cy<3> (dp/Alunit/Maddsub_Result_cy<3>)
     MUXCY:CI->O           1   0.052   0.000  dp/Alunit/Maddsub_Result_cy<4> (dp/Alunit/Maddsub_Result_cy<4>)
     MUXCY:CI->O           1   0.052   0.000  dp/Alunit/Maddsub_Result_cy<5> (dp/Alunit/Maddsub_Result_cy<5>)
     MUXCY:CI->O           1   0.052   0.000  dp/Alunit/Maddsub_Result_cy<6> (dp/Alunit/Maddsub_Result_cy<6>)
     MUXCY:CI->O           1   0.052   0.000  dp/Alunit/Maddsub_Result_cy<7> (dp/Alunit/Maddsub_Result_cy<7>)
     MUXCY:CI->O           1   0.052   0.000  dp/Alunit/Maddsub_Result_cy<8> (dp/Alunit/Maddsub_Result_cy<8>)
     MUXCY:CI->O           1   0.052   0.000  dp/Alunit/Maddsub_Result_cy<9> (dp/Alunit/Maddsub_Result_cy<9>)
     XORCY:CI->O           1   0.699   0.360  dp/Alunit/Maddsub_Result_xor<10> (dp/AluA<10>)
     LUT4:I3->O            1   0.612   0.000  dp/MultiplexorA/Mmux_Accumulator42 (dp/MultiplexorA/Mmux_Accumulator41)
     MUXF5:I0->O           1   0.278   0.000  dp/MultiplexorA/Mmux_Accumulator4_f5 (dp/AccA<10>)
     FDE_1:D                   0.268          dp/Accumulator/Accumulator_10
    ----------------------------------------
    Total                      4.620ns (3.851ns logic, 0.770ns route)
                                       (83.3% logic, 16.7% route)

=========================================================================
Timing constraint: Default OFFSET IN BEFORE for Clock 'Clock'
  Total number of paths / destination ports: 1672 / 43
-------------------------------------------------------------------------
Offset:              8.625ns (Levels of Logic = 17)
  Source:            Instruction<13> (PAD)
  Destination:       dp/Accumulator/Accumulator_10 (FF)
  Destination Clock: Clock falling

  Data Path: Instruction<13> to dp/Accumulator/Accumulator_10
                                Gate     Net
    Cell:in->out      fanout   Delay   Delay  Logical Name (Net Name)
    ----------------------------------------  ------------
     IBUF:I->O            30   1.106   1.141  Instruction_13_IBUF (Instruction_13_IBUF)
     LUT4:I1->O           16   0.612   1.031  ctrl/ID/RSelB1 (SelB)
     LUT3:I0->O            1   0.612   0.426  dp/MultiplexorB/Output<0>1 (dp/BAlu<0>)
     LUT3:I1->O            1   0.612   0.000  dp/Alunit/Maddsub_Result_lut<0> (dp/Alunit/Maddsub_Result_lut<0>)
     MUXCY:S->O            1   0.404   0.000  dp/Alunit/Maddsub_Result_cy<0> (dp/Alunit/Maddsub_Result_cy<0>)
     MUXCY:CI->O           1   0.052   0.000  dp/Alunit/Maddsub_Result_cy<1> (dp/Alunit/Maddsub_Result_cy<1>)
     MUXCY:CI->O           1   0.052   0.000  dp/Alunit/Maddsub_Result_cy<2> (dp/Alunit/Maddsub_Result_cy<2>)
     MUXCY:CI->O           1   0.052   0.000  dp/Alunit/Maddsub_Result_cy<3> (dp/Alunit/Maddsub_Result_cy<3>)
     MUXCY:CI->O           1   0.052   0.000  dp/Alunit/Maddsub_Result_cy<4> (dp/Alunit/Maddsub_Result_cy<4>)
     MUXCY:CI->O           1   0.052   0.000  dp/Alunit/Maddsub_Result_cy<5> (dp/Alunit/Maddsub_Result_cy<5>)
     MUXCY:CI->O           1   0.052   0.000  dp/Alunit/Maddsub_Result_cy<6> (dp/Alunit/Maddsub_Result_cy<6>)
     MUXCY:CI->O           1   0.052   0.000  dp/Alunit/Maddsub_Result_cy<7> (dp/Alunit/Maddsub_Result_cy<7>)
     MUXCY:CI->O           1   0.052   0.000  dp/Alunit/Maddsub_Result_cy<8> (dp/Alunit/Maddsub_Result_cy<8>)
     MUXCY:CI->O           1   0.052   0.000  dp/Alunit/Maddsub_Result_cy<9> (dp/Alunit/Maddsub_Result_cy<9>)
     XORCY:CI->O           1   0.699   0.360  dp/Alunit/Maddsub_Result_xor<10> (dp/AluA<10>)
     LUT4:I3->O            1   0.612   0.000  dp/MultiplexorA/Mmux_Accumulator42 (dp/MultiplexorA/Mmux_Accumulator41)
     MUXF5:I0->O           1   0.278   0.000  dp/MultiplexorA/Mmux_Accumulator4_f5 (dp/AccA<10>)
     FDE_1:D                   0.268          dp/Accumulator/Accumulator_10
    ----------------------------------------
    Total                      8.625ns (5.666ns logic, 2.958ns route)
                                       (65.7% logic, 34.3% route)

=========================================================================
Timing constraint: Default OFFSET OUT AFTER for Clock 'Clock'
  Total number of paths / destination ports: 27 / 27
-------------------------------------------------------------------------
Offset:              4.063ns (Levels of Logic = 1)
  Source:            dp/Accumulator/Accumulator_15 (FF)
  Destination:       In_Data<15> (PAD)
  Source Clock:      Clock falling

  Data Path: dp/Accumulator/Accumulator_15 to In_Data<15>
                                Gate     Net
    Cell:in->out      fanout   Delay   Delay  Logical Name (Net Name)
    ----------------------------------------  ------------
     FDE_1:C->Q            2   0.514   0.380  dp/Accumulator/Accumulator_15 (dp/Accumulator/Accumulator_15)
     OBUF:I->O                 3.169          In_Data_15_OBUF (In_Data<15>)
    ----------------------------------------
    Total                      4.063ns (3.683ns logic, 0.380ns route)
                                       (90.6% logic, 9.4% route)

=========================================================================
Timing constraint: Default path analysis
  Total number of paths / destination ports: 21 / 13
-------------------------------------------------------------------------
Delay:               7.820ns (Levels of Logic = 4)
  Source:            Instruction<15> (PAD)
  Destination:       Wr (PAD)

  Data Path: Instruction<15> to Wr
                                Gate     Net
    Cell:in->out      fanout   Delay   Delay  Logical Name (Net Name)
    ----------------------------------------  ------------
     IBUF:I->O            16   1.106   1.031  Instruction_15_IBUF (Instruction_15_IBUF)
     LUT2:I0->O           15   0.612   0.933  ctrl/ID/RSelA_and00001 (ctrl/ID/RSelA_and0000)
     LUT4:I1->O            1   0.612   0.357  ctrl/ID/RWrRam1 (Wr_OBUF)
     OBUF:I->O                 3.169          Wr_OBUF (Wr)
    ----------------------------------------
    Total                      7.820ns (5.499ns logic, 2.321ns route)
                                       (70.3% logic, 29.7% route)

=========================================================================


Total REAL time to Xst completion: 8.00 secs
Total CPU time to Xst completion: 8.11 secs
 
--> 

Total memory usage is 249612 kilobytes

Number of errors   :    0 (   0 filtered)
Number of warnings :    0 (   0 filtered)
Number of infos    :    1 (   0 filtered)

