Release 14.1 - xst P.15xf (nt64)
Copyright (c) 1995-2012 Xilinx, Inc.  All rights reserved.
--> Parameter TMPDIR set to xst/projnav.tmp


Total REAL time to Xst completion: 0.00 secs
Total CPU time to Xst completion: 0.16 secs
 
--> Parameter xsthdpdir set to xst


Total REAL time to Xst completion: 0.00 secs
Total CPU time to Xst completion: 0.16 secs
 
--> Reading design: Datapath.prj

TABLE OF CONTENTS
  1) Synthesis Options Summary
  2) HDL Compilation
  3) Design Hierarchy Analysis
  4) HDL Analysis
  5) HDL Synthesis
     5.1) HDL Synthesis Report
  6) Advanced HDL Synthesis
     6.1) Advanced HDL Synthesis Report
  7) Low Level Synthesis
  8) Partition Report
  9) Final Report
	9.1) Device utilization summary
	9.2) Partition Resource Summary
	9.3) TIMING REPORT


=========================================================================
*                      Synthesis Options Summary                        *
=========================================================================
---- Source Parameters
Input File Name                    : "Datapath.prj"
Input Format                       : mixed
Ignore Synthesis Constraint File   : NO

---- Target Parameters
Output File Name                   : "Datapath"
Output Format                      : NGC
Target Device                      : xc3s100e-5-cp132

---- Source Options
Top Module Name                    : Datapath
Automatic FSM Extraction           : YES
FSM Encoding Algorithm             : Auto
Safe Implementation                : No
FSM Style                          : LUT
RAM Extraction                     : Yes
RAM Style                          : Auto
ROM Extraction                     : Yes
Mux Style                          : Auto
Decoder Extraction                 : YES
Priority Encoder Extraction        : Yes
Shift Register Extraction          : YES
Logical Shifter Extraction         : YES
XOR Collapsing                     : YES
ROM Style                          : Auto
Mux Extraction                     : Yes
Resource Sharing                   : YES
Asynchronous To Synchronous        : NO
Multiplier Style                   : Auto
Automatic Register Balancing       : No

---- Target Options
Add IO Buffers                     : YES
Global Maximum Fanout              : 100000
Add Generic Clock Buffer(BUFG)     : 24
Register Duplication               : YES
Slice Packing                      : YES
Optimize Instantiated Primitives   : NO
Use Clock Enable                   : Yes
Use Synchronous Set                : Yes
Use Synchronous Reset              : Yes
Pack IO Registers into IOBs        : Auto
Equivalent register Removal        : YES

---- General Options
Optimization Goal                  : Speed
Optimization Effort                : 1
Keep Hierarchy                     : No
Netlist Hierarchy                  : As_Optimized
RTL Output                         : Yes
Global Optimization                : AllClockNets
Read Cores                         : YES
Write Timing Constraints           : NO
Cross Clock Analysis               : NO
Hierarchy Separator                : /
Bus Delimiter                      : <>
Case Specifier                     : Maintain
Slice Utilization Ratio            : 100
BRAM Utilization Ratio             : 100
Verilog 2001                       : YES
Auto BRAM Packing                  : NO
Slice Utilization Ratio Delta      : 5

=========================================================================


=========================================================================
*                          HDL Compilation                              *
=========================================================================
Compiling verilog file "SignalExtension.v" in library work
Compiling verilog file "MuxB.v" in library work
Module <SignalExtension> compiled
Compiling verilog file "MuxA.v" in library work
Module <MuxB> compiled
Compiling verilog file "ALU.v" in library work
Module <MuxA> compiled
Compiling verilog file "Acc.v" in library work
Module <ALU> compiled
Compiling verilog file "Datapath.v" in library work
Module <Acc> compiled
Module <Datapath> compiled
No errors in compilation
Analysis of file <"Datapath.prj"> succeeded.
 

=========================================================================
*                     Design Hierarchy Analysis                         *
=========================================================================
Analyzing hierarchy for module <Datapath> in library <work>.

Analyzing hierarchy for module <SignalExtension> in library <work>.

Analyzing hierarchy for module <MuxA> in library <work>.

Analyzing hierarchy for module <MuxB> in library <work>.

Analyzing hierarchy for module <Acc> in library <work>.

Analyzing hierarchy for module <ALU> in library <work>.


=========================================================================
*                            HDL Analysis                               *
=========================================================================
Analyzing top module <Datapath>.
Module <Datapath> is correct for synthesis.
 
Analyzing module <SignalExtension> in library <work>.
Module <SignalExtension> is correct for synthesis.
 
Analyzing module <MuxA> in library <work>.
Module <MuxA> is correct for synthesis.
 
Analyzing module <MuxB> in library <work>.
Module <MuxB> is correct for synthesis.
 
Analyzing module <Acc> in library <work>.
Module <Acc> is correct for synthesis.
 
Analyzing module <ALU> in library <work>.
Module <ALU> is correct for synthesis.
 

=========================================================================
*                           HDL Synthesis                               *
=========================================================================

Performing bidirectional port resolution...

Synthesizing Unit <SignalExtension>.
    Related source file is "SignalExtension.v".
Unit <SignalExtension> synthesized.


Synthesizing Unit <MuxA>.
    Related source file is "MuxA.v".
    Found 16-bit 4-to-1 multiplexer for signal <Accumulator>.
    Summary:
	inferred  16 Multiplexer(s).
Unit <MuxA> synthesized.


Synthesizing Unit <MuxB>.
    Related source file is "MuxB.v".
Unit <MuxB> synthesized.


Synthesizing Unit <Acc>.
    Related source file is "Acc.v".
    Found 16-bit register for signal <Accumulator>.
    Summary:
	inferred  16 D-type flip-flop(s).
Unit <Acc> synthesized.


Synthesizing Unit <ALU>.
    Related source file is "ALU.v".
    Found 16-bit addsub for signal <Result>.
    Summary:
	inferred   1 Adder/Subtractor(s).
Unit <ALU> synthesized.


Synthesizing Unit <Datapath>.
    Related source file is "Datapath.v".
WARNING:Xst:1780 - Signal <MemAB> is never used or assigned. This unconnected signal will be trimmed during the optimization process.
Unit <Datapath> synthesized.

INFO:Xst:1767 - HDL ADVISOR - Resource sharing has identified that some arithmetic operations in this design can share the same physical resources for reduced device utilization. For improved clock frequency you may try to disable resource sharing.

=========================================================================
HDL Synthesis Report

Macro Statistics
# Adders/Subtractors                                   : 1
 16-bit addsub                                         : 1
# Registers                                            : 1
 16-bit register                                       : 1
# Multiplexers                                         : 1
 16-bit 4-to-1 multiplexer                             : 1

=========================================================================

=========================================================================
*                       Advanced HDL Synthesis                          *
=========================================================================


=========================================================================
Advanced HDL Synthesis Report

Macro Statistics
# Adders/Subtractors                                   : 1
 16-bit addsub                                         : 1
# Registers                                            : 16
 Flip-Flops                                            : 16
# Multiplexers                                         : 1
 16-bit 4-to-1 multiplexer                             : 1

=========================================================================

=========================================================================
*                         Low Level Synthesis                           *
=========================================================================

Optimizing unit <Datapath> ...

Optimizing unit <Acc> ...

Mapping all equations...
Building and optimizing final netlist ...
Found area constraint ratio of 100 (+ 5) on block Datapath, actual ratio is 3.

Final Macro Processing ...

=========================================================================
Final Register Report

Macro Statistics
# Registers                                            : 16
 Flip-Flops                                            : 16

=========================================================================

=========================================================================
*                           Partition Report                            *
=========================================================================

Partition Implementation Status
-------------------------------

  No Partitions were found in this design.

-------------------------------

=========================================================================
*                            Final Report                               *
=========================================================================
Final Results
RTL Top Level Output File Name     : Datapath.ngr
Top Level Output File Name         : Datapath
Output Format                      : NGC
Optimization Goal                  : Speed
Keep Hierarchy                     : No

Design Statistics
# IOs                              : 49

Cell Usage :
# BELS                             : 85
#      LUT3                        : 33
#      LUT4                        : 21
#      MUXCY                       : 15
#      XORCY                       : 16
# FlipFlops/Latches                : 16
#      FDE_1                       : 16
# Clock Buffers                    : 1
#      BUFGP                       : 1
# IO Buffers                       : 48
#      IBUF                        : 32
#      OBUF                        : 16
=========================================================================

Device utilization summary:
---------------------------

Selected Device : 3s100ecp132-5 

 Number of Slices:                       30  out of    960     3%  
 Number of Slice Flip Flops:             16  out of   1920     0%  
 Number of 4 input LUTs:                 54  out of   1920     2%  
 Number of IOs:                          49
 Number of bonded IOBs:                  49  out of     83    59%  
 Number of GCLKs:                         1  out of     24     4%  

---------------------------
Partition Resource Summary:
---------------------------

  No Partitions were found in this design.

---------------------------


=========================================================================
TIMING REPORT

NOTE: THESE TIMING NUMBERS ARE ONLY A SYNTHESIS ESTIMATE.
      FOR ACCURATE TIMING INFORMATION PLEASE REFER TO THE TRACE REPORT
      GENERATED AFTER PLACE-and-ROUTE.

Clock Information:
------------------
-----------------------------------+------------------------+-------+
Clock Signal                       | Clock buffer(FF name)  | Load  |
-----------------------------------+------------------------+-------+
Clock                              | BUFGP                  | 16    |
-----------------------------------+------------------------+-------+

Asynchronous Control Signals Information:
----------------------------------------
No asynchronous control signals found in this design

Timing Summary:
---------------
Speed Grade: -5

   Minimum period: 4.600ns (Maximum Frequency: 217.394MHz)
   Minimum input arrival time before clock: 6.851ns
   Maximum output required time after clock: 4.063ns
   Maximum combinational path delay: No path found

Timing Detail:
--------------
All values displayed in nanoseconds (ns)

=========================================================================
Timing constraint: Default period analysis for Clock 'Clock'
  Clock period: 4.600ns (frequency: 217.394MHz)
  Total number of paths / destination ports: 256 / 16
-------------------------------------------------------------------------
Delay:               4.600ns (Levels of Logic = 18)
  Source:            Accumulator/Accumulator_0 (FF)
  Destination:       Accumulator/Accumulator_15 (FF)
  Source Clock:      Clock falling
  Destination Clock: Clock falling

  Data Path: Accumulator/Accumulator_0 to Accumulator/Accumulator_15
                                Gate     Net
    Cell:in->out      fanout   Delay   Delay  Logical Name (Net Name)
    ----------------------------------------  ------------
     FDE_1:C->Q            2   0.514   0.410  Accumulator/Accumulator_0 (Accumulator/Accumulator_0)
     LUT3:I2->O            1   0.612   0.000  Alunit/Maddsub_Result_lut<0> (Alunit/Maddsub_Result_lut<0>)
     MUXCY:S->O            1   0.404   0.000  Alunit/Maddsub_Result_cy<0> (Alunit/Maddsub_Result_cy<0>)
     MUXCY:CI->O           1   0.052   0.000  Alunit/Maddsub_Result_cy<1> (Alunit/Maddsub_Result_cy<1>)
     MUXCY:CI->O           1   0.052   0.000  Alunit/Maddsub_Result_cy<2> (Alunit/Maddsub_Result_cy<2>)
     MUXCY:CI->O           1   0.052   0.000  Alunit/Maddsub_Result_cy<3> (Alunit/Maddsub_Result_cy<3>)
     MUXCY:CI->O           1   0.052   0.000  Alunit/Maddsub_Result_cy<4> (Alunit/Maddsub_Result_cy<4>)
     MUXCY:CI->O           1   0.052   0.000  Alunit/Maddsub_Result_cy<5> (Alunit/Maddsub_Result_cy<5>)
     MUXCY:CI->O           1   0.052   0.000  Alunit/Maddsub_Result_cy<6> (Alunit/Maddsub_Result_cy<6>)
     MUXCY:CI->O           1   0.052   0.000  Alunit/Maddsub_Result_cy<7> (Alunit/Maddsub_Result_cy<7>)
     MUXCY:CI->O           1   0.052   0.000  Alunit/Maddsub_Result_cy<8> (Alunit/Maddsub_Result_cy<8>)
     MUXCY:CI->O           1   0.052   0.000  Alunit/Maddsub_Result_cy<9> (Alunit/Maddsub_Result_cy<9>)
     MUXCY:CI->O           1   0.052   0.000  Alunit/Maddsub_Result_cy<10> (Alunit/Maddsub_Result_cy<10>)
     MUXCY:CI->O           1   0.052   0.000  Alunit/Maddsub_Result_cy<11> (Alunit/Maddsub_Result_cy<11>)
     MUXCY:CI->O           1   0.052   0.000  Alunit/Maddsub_Result_cy<12> (Alunit/Maddsub_Result_cy<12>)
     MUXCY:CI->O           1   0.052   0.000  Alunit/Maddsub_Result_cy<13> (Alunit/Maddsub_Result_cy<13>)
     MUXCY:CI->O           0   0.051   0.000  Alunit/Maddsub_Result_cy<14> (Alunit/Maddsub_Result_cy<14>)
     XORCY:CI->O           1   0.699   0.360  Alunit/Maddsub_Result_xor<15> (AluA<15>)
     LUT4:I3->O            1   0.612   0.000  MultiplexorA/Mmux_Accumulator91 (AccA<15>)
     FDE_1:D                   0.268          Accumulator/Accumulator_15
    ----------------------------------------
    Total                      4.600ns (3.830ns logic, 0.770ns route)
                                       (83.3% logic, 16.7% route)

=========================================================================
Timing constraint: Default OFFSET IN BEFORE for Clock 'Clock'
  Total number of paths / destination ports: 631 / 32
-------------------------------------------------------------------------
Offset:              6.851ns (Levels of Logic = 20)
  Source:            SelB (PAD)
  Destination:       Accumulator/Accumulator_15 (FF)
  Destination Clock: Clock falling

  Data Path: SelB to Accumulator/Accumulator_15
                                Gate     Net
    Cell:in->out      fanout   Delay   Delay  Logical Name (Net Name)
    ----------------------------------------  ------------
     IBUF:I->O            16   1.106   1.031  SelB_IBUF (SelB_IBUF)
     LUT3:I0->O            1   0.612   0.426  MultiplexorB/Output<0>1 (BAlu<0>)
     LUT3:I1->O            1   0.612   0.000  Alunit/Maddsub_Result_lut<0> (Alunit/Maddsub_Result_lut<0>)
     MUXCY:S->O            1   0.404   0.000  Alunit/Maddsub_Result_cy<0> (Alunit/Maddsub_Result_cy<0>)
     MUXCY:CI->O           1   0.052   0.000  Alunit/Maddsub_Result_cy<1> (Alunit/Maddsub_Result_cy<1>)
     MUXCY:CI->O           1   0.052   0.000  Alunit/Maddsub_Result_cy<2> (Alunit/Maddsub_Result_cy<2>)
     MUXCY:CI->O           1   0.052   0.000  Alunit/Maddsub_Result_cy<3> (Alunit/Maddsub_Result_cy<3>)
     MUXCY:CI->O           1   0.052   0.000  Alunit/Maddsub_Result_cy<4> (Alunit/Maddsub_Result_cy<4>)
     MUXCY:CI->O           1   0.052   0.000  Alunit/Maddsub_Result_cy<5> (Alunit/Maddsub_Result_cy<5>)
     MUXCY:CI->O           1   0.052   0.000  Alunit/Maddsub_Result_cy<6> (Alunit/Maddsub_Result_cy<6>)
     MUXCY:CI->O           1   0.052   0.000  Alunit/Maddsub_Result_cy<7> (Alunit/Maddsub_Result_cy<7>)
     MUXCY:CI->O           1   0.052   0.000  Alunit/Maddsub_Result_cy<8> (Alunit/Maddsub_Result_cy<8>)
     MUXCY:CI->O           1   0.052   0.000  Alunit/Maddsub_Result_cy<9> (Alunit/Maddsub_Result_cy<9>)
     MUXCY:CI->O           1   0.052   0.000  Alunit/Maddsub_Result_cy<10> (Alunit/Maddsub_Result_cy<10>)
     MUXCY:CI->O           1   0.052   0.000  Alunit/Maddsub_Result_cy<11> (Alunit/Maddsub_Result_cy<11>)
     MUXCY:CI->O           1   0.052   0.000  Alunit/Maddsub_Result_cy<12> (Alunit/Maddsub_Result_cy<12>)
     MUXCY:CI->O           1   0.052   0.000  Alunit/Maddsub_Result_cy<13> (Alunit/Maddsub_Result_cy<13>)
     MUXCY:CI->O           0   0.051   0.000  Alunit/Maddsub_Result_cy<14> (Alunit/Maddsub_Result_cy<14>)
     XORCY:CI->O           1   0.699   0.360  Alunit/Maddsub_Result_xor<15> (AluA<15>)
     LUT4:I3->O            1   0.612   0.000  MultiplexorA/Mmux_Accumulator91 (AccA<15>)
     FDE_1:D                   0.268          Accumulator/Accumulator_15
    ----------------------------------------
    Total                      6.851ns (5.034ns logic, 1.817ns route)
                                       (73.5% logic, 26.5% route)

=========================================================================
Timing constraint: Default OFFSET OUT AFTER for Clock 'Clock'
  Total number of paths / destination ports: 16 / 16
-------------------------------------------------------------------------
Offset:              4.063ns (Levels of Logic = 1)
  Source:            Accumulator/Accumulator_15 (FF)
  Destination:       In_Data<15> (PAD)
  Source Clock:      Clock falling

  Data Path: Accumulator/Accumulator_15 to In_Data<15>
                                Gate     Net
    Cell:in->out      fanout   Delay   Delay  Logical Name (Net Name)
    ----------------------------------------  ------------
     FDE_1:C->Q            2   0.514   0.380  Accumulator/Accumulator_15 (Accumulator/Accumulator_15)
     OBUF:I->O                 3.169          In_Data_15_OBUF (In_Data<15>)
    ----------------------------------------
    Total                      4.063ns (3.683ns logic, 0.380ns route)
                                       (90.6% logic, 9.4% route)

=========================================================================


Total REAL time to Xst completion: 7.00 secs
Total CPU time to Xst completion: 7.20 secs
 
--> 

Total memory usage is 248268 kilobytes

Number of errors   :    0 (   0 filtered)
Number of warnings :    1 (   0 filtered)
Number of infos    :    1 (   0 filtered)

