Release 14.1 - xst P.15xf (nt64)
Copyright (c) 1995-2012 Xilinx, Inc.  All rights reserved.
--> Parameter TMPDIR set to xst/projnav.tmp


Total REAL time to Xst completion: 1.00 secs
Total CPU time to Xst completion: 0.24 secs
 
--> Parameter xsthdpdir set to xst


Total REAL time to Xst completion: 1.00 secs
Total CPU time to Xst completion: 0.24 secs
 
--> Reading design: BIPI.prj

TABLE OF CONTENTS
  1) Synthesis Options Summary
  2) HDL Compilation
  3) Design Hierarchy Analysis
  4) HDL Analysis
  5) HDL Synthesis
     5.1) HDL Synthesis Report
  6) Advanced HDL Synthesis
     6.1) Advanced HDL Synthesis Report
  7) Low Level Synthesis
  8) Partition Report
  9) Final Report
	9.1) Device utilization summary
	9.2) Partition Resource Summary
	9.3) TIMING REPORT


=========================================================================
*                      Synthesis Options Summary                        *
=========================================================================
---- Source Parameters
Input File Name                    : "BIPI.prj"
Input Format                       : mixed
Ignore Synthesis Constraint File   : NO

---- Target Parameters
Output File Name                   : "BIPI"
Output Format                      : NGC
Target Device                      : xc3s100e-5-cp132

---- Source Options
Top Module Name                    : BIPI
Automatic FSM Extraction           : YES
FSM Encoding Algorithm             : Auto
Safe Implementation                : No
FSM Style                          : LUT
RAM Extraction                     : Yes
RAM Style                          : Auto
ROM Extraction                     : Yes
Mux Style                          : Auto
Decoder Extraction                 : YES
Priority Encoder Extraction        : Yes
Shift Register Extraction          : YES
Logical Shifter Extraction         : YES
XOR Collapsing                     : YES
ROM Style                          : Auto
Mux Extraction                     : Yes
Resource Sharing                   : YES
Asynchronous To Synchronous        : NO
Multiplier Style                   : Auto
Automatic Register Balancing       : No

---- Target Options
Add IO Buffers                     : YES
Global Maximum Fanout              : 100000
Add Generic Clock Buffer(BUFG)     : 24
Register Duplication               : YES
Slice Packing                      : YES
Optimize Instantiated Primitives   : NO
Use Clock Enable                   : Yes
Use Synchronous Set                : Yes
Use Synchronous Reset              : Yes
Pack IO Registers into IOBs        : Auto
Equivalent register Removal        : YES

---- General Options
Optimization Goal                  : Speed
Optimization Effort                : 1
Keep Hierarchy                     : No
Netlist Hierarchy                  : As_Optimized
RTL Output                         : Yes
Global Optimization                : AllClockNets
Read Cores                         : YES
Write Timing Constraints           : NO
Cross Clock Analysis               : NO
Hierarchy Separator                : /
Bus Delimiter                      : <>
Case Specifier                     : Maintain
Slice Utilization Ratio            : 100
BRAM Utilization Ratio             : 100
Verilog 2001                       : YES
Auto BRAM Packing                  : NO
Slice Utilization Ratio Delta      : 5

=========================================================================


=========================================================================
*                          HDL Compilation                              *
=========================================================================
Compiling verilog file "SignalExtension.v" in library work
Compiling verilog file "PC.v" in library work
Module <SignalExtension> compiled
Compiling verilog file "MuxB.v" in library work
Module <PC> compiled
Compiling verilog file "MuxA.v" in library work
Module <MuxB> compiled
Compiling verilog file "Instruction_Decoder.v" in library work
Module <MuxA> compiled
Compiling verilog file "ALU.v" in library work
Module <Instruction_Decoder> compiled
Compiling verilog file "Acc.v" in library work
Module <ALU> compiled
Compiling verilog file "Datapath.v" in library work
Module <Acc> compiled
Compiling verilog file "Control.v" in library work
Module <Datapath> compiled
Compiling verilog file "u_program_memory.v" in library work
Module <Control> compiled
Compiling verilog file "U_Data_memoriy.v" in library work
Module <u_program_memory> compiled
Compiling verilog file "CPU.v" in library work
Module <u_data_memory> compiled
Compiling verilog file "ClockTree.v" in library work
Module <CPU> compiled
Compiling verilog file "BIPII.v" in library work
Module <ClockTree> compiled
Module <BIPI> compiled
No errors in compilation
Analysis of file <"BIPI.prj"> succeeded.
 

=========================================================================
*                     Design Hierarchy Analysis                         *
=========================================================================
Analyzing hierarchy for module <BIPI> in library <work>.

Analyzing hierarchy for module <CPU> in library <work>.

Analyzing hierarchy for module <u_data_memory> in library <work>.

Analyzing hierarchy for module <u_program_memory> in library <work>.

Analyzing hierarchy for module <ClockTree> in library <work>.

Analyzing hierarchy for module <Control> in library <work>.

Analyzing hierarchy for module <Datapath> in library <work>.

Analyzing hierarchy for module <PC> in library <work>.

Analyzing hierarchy for module <Instruction_Decoder> in library <work>.

Analyzing hierarchy for module <SignalExtension> in library <work>.

Analyzing hierarchy for module <MuxA> in library <work>.

Analyzing hierarchy for module <MuxB> in library <work>.

Analyzing hierarchy for module <Acc> in library <work>.

Analyzing hierarchy for module <ALU> in library <work>.


=========================================================================
*                            HDL Analysis                               *
=========================================================================
Analyzing top module <BIPI>.
Module <BIPI> is correct for synthesis.
 
Analyzing module <CPU> in library <work>.
Module <CPU> is correct for synthesis.
 
Analyzing module <Control> in library <work>.
Module <Control> is correct for synthesis.
 
Analyzing module <PC> in library <work>.
Module <PC> is correct for synthesis.
 
Analyzing module <Instruction_Decoder> in library <work>.
Module <Instruction_Decoder> is correct for synthesis.
 
Analyzing module <Datapath> in library <work>.
Module <Datapath> is correct for synthesis.
 
Analyzing module <SignalExtension> in library <work>.
Module <SignalExtension> is correct for synthesis.
 
Analyzing module <MuxA> in library <work>.
Module <MuxA> is correct for synthesis.
 
Analyzing module <MuxB> in library <work>.
Module <MuxB> is correct for synthesis.
 
Analyzing module <Acc> in library <work>.
Module <Acc> is correct for synthesis.
 
Analyzing module <ALU> in library <work>.
Module <ALU> is correct for synthesis.
 
Analyzing module <u_data_memory> in library <work>.
Module <u_data_memory> is correct for synthesis.
 
Analyzing module <u_program_memory> in library <work>.
WARNING:Xst:2319 - "u_program_memory.v" line 42: Signal data in initial block is partially initialized. The initialization will be ignored.
INFO:Xst:1607 - Contents of array <data> may be accessed with an index that does not cover the full array size.
Module <u_program_memory> is correct for synthesis.
 
Analyzing module <ClockTree> in library <work>.
Module <ClockTree> is correct for synthesis.
 

=========================================================================
*                           HDL Synthesis                               *
=========================================================================

Performing bidirectional port resolution...

Synthesizing Unit <u_data_memory>.
    Related source file is "U_Data_memoriy.v".
    Found 2048x16-bit single-port RAM <Mram_data> for signal <data>.
    Found 16-bit register for signal <outputer>.
    Summary:
	inferred   1 RAM(s).
	inferred  16 D-type flip-flop(s).
Unit <u_data_memory> synthesized.


Synthesizing Unit <u_program_memory>.
    Related source file is "u_program_memory.v".
WARNING:Xst:653 - Signal <data> is used but never assigned. This sourceless signal will be automatically connected to value 0000000000000000.
    Found 16-bit register for signal <outputreg>.
    Summary:
	inferred  16 D-type flip-flop(s).
Unit <u_program_memory> synthesized.


Synthesizing Unit <ClockTree>.
    Related source file is "ClockTree.v".
    Found 2-bit adder for signal <counter>.
    Summary:
	inferred   1 Adder/Subtractor(s).
Unit <ClockTree> synthesized.


Synthesizing Unit <PC>.
    Related source file is "PC.v".
    Found 11-bit up counter for signal <Addr>.
    Summary:
	inferred   1 Counter(s).
Unit <PC> synthesized.


Synthesizing Unit <Instruction_Decoder>.
    Related source file is "Instruction_Decoder.v".
Unit <Instruction_Decoder> synthesized.


Synthesizing Unit <SignalExtension>.
    Related source file is "SignalExtension.v".
Unit <SignalExtension> synthesized.


Synthesizing Unit <MuxA>.
    Related source file is "MuxA.v".
    Found 16-bit 4-to-1 multiplexer for signal <Accumulator>.
    Summary:
	inferred  16 Multiplexer(s).
Unit <MuxA> synthesized.


Synthesizing Unit <MuxB>.
    Related source file is "MuxB.v".
Unit <MuxB> synthesized.


Synthesizing Unit <Acc>.
    Related source file is "Acc.v".
    Found 16-bit register for signal <Accumulator>.
    Summary:
	inferred  16 D-type flip-flop(s).
Unit <Acc> synthesized.


Synthesizing Unit <ALU>.
    Related source file is "ALU.v".
    Found 16-bit addsub for signal <Result>.
    Summary:
	inferred   1 Adder/Subtractor(s).
Unit <ALU> synthesized.


Synthesizing Unit <Control>.
    Related source file is "Control.v".
Unit <Control> synthesized.


Synthesizing Unit <Datapath>.
    Related source file is "Datapath.v".
Unit <Datapath> synthesized.


Synthesizing Unit <CPU>.
    Related source file is "CPU.v".
Unit <CPU> synthesized.


Synthesizing Unit <BIPI>.
    Related source file is "BIPII.v".
Unit <BIPI> synthesized.

INFO:Xst:1767 - HDL ADVISOR - Resource sharing has identified that some arithmetic operations in this design can share the same physical resources for reduced device utilization. For improved clock frequency you may try to disable resource sharing.

=========================================================================
HDL Synthesis Report

Macro Statistics
# RAMs                                                 : 1
 2048x16-bit single-port RAM                           : 1
# Adders/Subtractors                                   : 2
 16-bit addsub                                         : 1
 2-bit adder                                           : 1
# Counters                                             : 1
 11-bit up counter                                     : 1
# Registers                                            : 3
 16-bit register                                       : 3
# Multiplexers                                         : 1
 16-bit 4-to-1 multiplexer                             : 1

=========================================================================

=========================================================================
*                       Advanced HDL Synthesis                          *
=========================================================================

WARNING:Xst:1290 - Hierarchical block <cpu> is unconnected in block <BIPI>.
   It will be removed from the design.
WARNING:Xst:1290 - Hierarchical block <dataMemory> is unconnected in block <BIPI>.
   It will be removed from the design.
WARNING:Xst:1290 - Hierarchical block <programMemory> is unconnected in block <BIPI>.
   It will be removed from the design.
WARNING:Xst:1290 - Hierarchical block <clockTree> is unconnected in block <BIPI>.
   It will be removed from the design.
WARNING:Xst:2404 -  FFs/Latches <outputreg<15:0>> (without init value) have a constant value of 0 in block <u_program_memory>.

Synthesizing (advanced) Unit <u_data_memory>.
INFO:Xst:3226 - The RAM <Mram_data> will be implemented as a BLOCK RAM, absorbing the following register(s): <outputer>
    -----------------------------------------------------------------------
    | ram_type           | Block                               |          |
    -----------------------------------------------------------------------
    | Port A                                                              |
    |     aspect ratio   | 2048-word x 16-bit                  |          |
    |     mode           | read-first                          |          |
    |     clkA           | connected to signal <clock>         | fall     |
    |     enA            | connected to signal <read>          | high     |
    |     weA            | connected to signal <write>         | high     |
    |     addrA          | connected to signal <address>       |          |
    |     diA            | connected to signal <in_data>       |          |
    |     doA            | connected to signal <outputer>      |          |
    -----------------------------------------------------------------------
    | optimization       | speed                               |          |
    -----------------------------------------------------------------------
Unit <u_data_memory> synthesized (advanced).

=========================================================================
Advanced HDL Synthesis Report

Macro Statistics
# RAMs                                                 : 1
 2048x16-bit single-port block RAM                     : 1
# Adders/Subtractors                                   : 2
 16-bit addsub                                         : 1
 2-bit adder                                           : 1
# Counters                                             : 1
 11-bit up counter                                     : 1
# Registers                                            : 16
 Flip-Flops                                            : 16
# Multiplexers                                         : 1
 16-bit 4-to-1 multiplexer                             : 1

=========================================================================

=========================================================================
*                         Low Level Synthesis                           *
=========================================================================
WARNING:Xst:524 - All outputs of the instance <cpu/dp/Accumulator> of the block <Acc> are unconnected in block <BIPI>.
   This instance will be removed from the design along with all underlying logic

Optimizing unit <BIPI> ...

Optimizing unit <Acc> ...

Mapping all equations...
Building and optimizing final netlist ...
Found area constraint ratio of 100 (+ 5) on block BIPI, actual ratio is 0.

Final Macro Processing ...

=========================================================================
Final Register Report

Found no macro
=========================================================================

=========================================================================
*                           Partition Report                            *
=========================================================================

Partition Implementation Status
-------------------------------

  No Partitions were found in this design.

-------------------------------

=========================================================================
*                            Final Report                               *
=========================================================================
Final Results
RTL Top Level Output File Name     : BIPI.ngr
Top Level Output File Name         : BIPI
Output Format                      : NGC
Optimization Goal                  : Speed
Keep Hierarchy                     : No

Design Statistics
# IOs                              : 2

Cell Usage :
=========================================================================

Device utilization summary:
---------------------------

Selected Device : 3s100ecp132-5 

 Number of Slices:                        0  out of    960     0%  
 Number of IOs:                           2
 Number of bonded IOBs:                   0  out of     83     0%  

---------------------------
Partition Resource Summary:
---------------------------

  No Partitions were found in this design.

---------------------------


=========================================================================
TIMING REPORT

NOTE: THESE TIMING NUMBERS ARE ONLY A SYNTHESIS ESTIMATE.
      FOR ACCURATE TIMING INFORMATION PLEASE REFER TO THE TRACE REPORT
      GENERATED AFTER PLACE-and-ROUTE.

Clock Information:
------------------
No clock signals found in this design

Asynchronous Control Signals Information:
----------------------------------------
No asynchronous control signals found in this design

Timing Summary:
---------------
Speed Grade: -5

   Minimum period: No path found
   Minimum input arrival time before clock: No path found
   Maximum output required time after clock: No path found
   Maximum combinational path delay: No path found

Timing Detail:
--------------
All values displayed in nanoseconds (ns)

=========================================================================


Total REAL time to Xst completion: 76.00 secs
Total CPU time to Xst completion: 75.68 secs
 
--> 

Total memory usage is 324656 kilobytes

Number of errors   :    0 (   0 filtered)
Number of warnings :    8 (   0 filtered)
Number of infos    :    3 (   0 filtered)

