Release 14.1 - xst P.15xf (nt64)
Copyright (c) 1995-2012 Xilinx, Inc.  All rights reserved.
--> Parameter TMPDIR set to xst/projnav.tmp


Total REAL time to Xst completion: 1.00 secs
Total CPU time to Xst completion: 0.21 secs
 
--> Parameter xsthdpdir set to xst


Total REAL time to Xst completion: 1.00 secs
Total CPU time to Xst completion: 0.21 secs
 
--> Reading design: stage_exe.prj

TABLE OF CONTENTS
  1) Synthesis Options Summary
  2) HDL Compilation
  3) Design Hierarchy Analysis
  4) HDL Analysis
  5) HDL Synthesis
     5.1) HDL Synthesis Report
  6) Advanced HDL Synthesis
     6.1) Advanced HDL Synthesis Report
  7) Low Level Synthesis
  8) Partition Report
  9) Final Report
	9.1) Device utilization summary
	9.2) Partition Resource Summary
	9.3) TIMING REPORT


=========================================================================
*                      Synthesis Options Summary                        *
=========================================================================
---- Source Parameters
Input File Name                    : "stage_exe.prj"
Input Format                       : mixed
Ignore Synthesis Constraint File   : NO

---- Target Parameters
Output File Name                   : "stage_exe"
Output Format                      : NGC
Target Device                      : xc3s100e-5-cp132

---- Source Options
Top Module Name                    : stage_exe
Automatic FSM Extraction           : YES
FSM Encoding Algorithm             : Auto
Safe Implementation                : No
FSM Style                          : LUT
RAM Extraction                     : Yes
RAM Style                          : Auto
ROM Extraction                     : Yes
Mux Style                          : Auto
Decoder Extraction                 : YES
Priority Encoder Extraction        : Yes
Shift Register Extraction          : YES
Logical Shifter Extraction         : YES
XOR Collapsing                     : YES
ROM Style                          : Auto
Mux Extraction                     : Yes
Resource Sharing                   : YES
Asynchronous To Synchronous        : NO
Multiplier Style                   : Auto
Automatic Register Balancing       : No

---- Target Options
Add IO Buffers                     : YES
Global Maximum Fanout              : 100000
Add Generic Clock Buffer(BUFG)     : 24
Register Duplication               : YES
Slice Packing                      : YES
Optimize Instantiated Primitives   : NO
Use Clock Enable                   : Yes
Use Synchronous Set                : Yes
Use Synchronous Reset              : Yes
Pack IO Registers into IOBs        : Auto
Equivalent register Removal        : YES

---- General Options
Optimization Goal                  : Speed
Optimization Effort                : 1
Keep Hierarchy                     : No
Netlist Hierarchy                  : As_Optimized
RTL Output                         : Yes
Global Optimization                : AllClockNets
Read Cores                         : YES
Write Timing Constraints           : NO
Cross Clock Analysis               : NO
Hierarchy Separator                : /
Bus Delimiter                      : <>
Case Specifier                     : Maintain
Slice Utilization Ratio            : 100
BRAM Utilization Ratio             : 100
Verilog 2001                       : YES
Auto BRAM Packing                  : NO
Slice Utilization Ratio Delta      : 5

---- Other Options
Cores Search Directories           : {"ipcore_dir"  }

=========================================================================


=========================================================================
*                          HDL Compilation                              *
=========================================================================
Compiling verilog file "alu.v" in library work
Compiling verilog file "stage_exe.v" in library work
Module <alu> compiled
Module <stage_exe> compiled
No errors in compilation
Analysis of file <"stage_exe.prj"> succeeded.
 

=========================================================================
*                     Design Hierarchy Analysis                         *
=========================================================================
Analyzing hierarchy for module <stage_exe> in library <work>.

Analyzing hierarchy for module <alu> in library <work>.


=========================================================================
*                            HDL Analysis                               *
=========================================================================
Analyzing top module <stage_exe>.
Module <stage_exe> is correct for synthesis.
 
Analyzing module <alu> in library <work>.
Module <alu> is correct for synthesis.
 

=========================================================================
*                           HDL Synthesis                               *
=========================================================================

Performing bidirectional port resolution...

Synthesizing Unit <alu>.
    Related source file is "alu.v".
    Found 32-bit 8-to-1 multiplexer for signal <out>.
    Found 32-bit addsub for signal <out$addsub0000>.
    Found 32-bit shifter logical left for signal <out$shift0001> created at line 41.
    Found 32-bit xor2 for signal <out$xor0000> created at line 40.
    Summary:
	inferred   1 Adder/Subtractor(s).
	inferred  32 Multiplexer(s).
	inferred   1 Combinational logic shifter(s).
Unit <alu> synthesized.


Synthesizing Unit <stage_exe>.
    Related source file is "stage_exe.v".
    Found 1-bit register for signal <M_o>.
    Found 32-bit register for signal <data_b_o>.
    Found 32-bit register for signal <jump_address>.
    Found 32-bit register for signal <out>.
    Found 4-bit register for signal <regaddr_o>.
    Found 1-bit register for signal <use_npc>.
    Found 2-bit register for signal <wbi_o>.
    Found 32-bit adder for signal <jump_address$add0000> created at line 77.
    Summary:
	inferred 104 D-type flip-flop(s).
	inferred   1 Adder/Subtractor(s).
Unit <stage_exe> synthesized.

INFO:Xst:1767 - HDL ADVISOR - Resource sharing has identified that some arithmetic operations in this design can share the same physical resources for reduced device utilization. For improved clock frequency you may try to disable resource sharing.

=========================================================================
HDL Synthesis Report

Macro Statistics
# Adders/Subtractors                                   : 2
 32-bit adder                                          : 1
 32-bit addsub                                         : 1
# Registers                                            : 7
 1-bit register                                        : 2
 2-bit register                                        : 1
 32-bit register                                       : 3
 4-bit register                                        : 1
# Multiplexers                                         : 1
 32-bit 8-to-1 multiplexer                             : 1
# Logic shifters                                       : 1
 32-bit shifter logical left                           : 1
# Xors                                                 : 1
 32-bit xor2                                           : 1

=========================================================================

=========================================================================
*                       Advanced HDL Synthesis                          *
=========================================================================


=========================================================================
Advanced HDL Synthesis Report

Macro Statistics
# Adders/Subtractors                                   : 2
 32-bit adder                                          : 1
 32-bit addsub                                         : 1
# Registers                                            : 104
 Flip-Flops                                            : 104
# Multiplexers                                         : 1
 32-bit 8-to-1 multiplexer                             : 1
# Logic shifters                                       : 1
 32-bit shifter logical left                           : 1
# Xors                                                 : 1
 32-bit xor2                                           : 1

=========================================================================

=========================================================================
*                         Low Level Synthesis                           *
=========================================================================

Optimizing unit <stage_exe> ...

Optimizing unit <alu> ...

Mapping all equations...
Building and optimizing final netlist ...
Found area constraint ratio of 100 (+ 5) on block stage_exe, actual ratio is 33.

Final Macro Processing ...

=========================================================================
Final Register Report

Macro Statistics
# Registers                                            : 104
 Flip-Flops                                            : 104

=========================================================================

=========================================================================
*                           Partition Report                            *
=========================================================================

Partition Implementation Status
-------------------------------

  No Partitions were found in this design.

-------------------------------

=========================================================================
*                            Final Report                               *
=========================================================================
Final Results
RTL Top Level Output File Name     : stage_exe.ngr
Top Level Output File Name         : stage_exe
Output Format                      : NGC
Optimization Goal                  : Speed
Keep Hierarchy                     : No

Design Statistics
# IOs                              : 251

Cell Usage :
# BELS                             : 750
#      GND                         : 1
#      INV                         : 2
#      LUT1                        : 32
#      LUT2                        : 104
#      LUT3                        : 173
#      LUT4                        : 157
#      MUXCY                       : 78
#      MUXF5                       : 106
#      MUXF6                       : 32
#      VCC                         : 1
#      XORCY                       : 64
# FlipFlops/Latches                : 104
#      FD                          : 39
#      FDR                         : 64
#      FDS                         : 1
# Clock Buffers                    : 1
#      BUFGP                       : 1
# IO Buffers                       : 250
#      IBUF                        : 146
#      OBUF                        : 104
=========================================================================

Device utilization summary:
---------------------------

Selected Device : 3s100ecp132-5 

 Number of Slices:                      248  out of    960    25%  
 Number of 4 input LUTs:                468  out of   1920    24%  
 Number of IOs:                         251
 Number of bonded IOBs:                 251  out of     83   302% (*) 
    IOB Flip Flops:                     104
 Number of GCLKs:                         1  out of     24     4%  

WARNING:Xst:1336 -  (*) More than 100% of Device resources are used

---------------------------
Partition Resource Summary:
---------------------------

  No Partitions were found in this design.

---------------------------


=========================================================================
TIMING REPORT

NOTE: THESE TIMING NUMBERS ARE ONLY A SYNTHESIS ESTIMATE.
      FOR ACCURATE TIMING INFORMATION PLEASE REFER TO THE TRACE REPORT
      GENERATED AFTER PLACE-and-ROUTE.

Clock Information:
------------------
-----------------------------------+------------------------+-------+
Clock Signal                       | Clock buffer(FF name)  | Load  |
-----------------------------------+------------------------+-------+
clock                              | BUFGP                  | 104   |
-----------------------------------+------------------------+-------+

Asynchronous Control Signals Information:
----------------------------------------
No asynchronous control signals found in this design

Timing Summary:
---------------
Speed Grade: -5

   Minimum period: No path found
   Minimum input arrival time before clock: 13.207ns
   Maximum output required time after clock: 4.040ns
   Maximum combinational path delay: No path found

Timing Detail:
--------------
All values displayed in nanoseconds (ns)

=========================================================================
Timing constraint: Default OFFSET IN BEFORE for Clock 'clock'
  Total number of paths / destination ports: 19091 / 169
-------------------------------------------------------------------------
Offset:              13.207ns (Levels of Logic = 21)
  Source:            control_use_b (PAD)
  Destination:       use_npc (FF)
  Destination Clock: clock rising

  Data Path: control_use_b to use_npc
                                Gate     Net
    Cell:in->out      fanout   Delay   Delay  Logical Name (Net Name)
    ----------------------------------------  ------------
     IBUF:I->O            97   1.106   1.242  control_use_b_IBUF (control_use_b_IBUF)
     LUT3:I0->O            5   0.612   0.607  b_entry<13>1 (b_entry<13>)
     LUT3:I1->O            3   0.612   0.520  arith_log_unit/Sh147 (arith_log_unit/Sh1320)
     LUT3:I1->O            1   0.612   0.000  arith_log_unit/Sh13311 (arith_log_unit/Sh1331)
     MUXF5:I1->O           3   0.278   0.481  arith_log_unit/Sh1331_f5 (arith_log_unit/Sh13)
     LUT3:I2->O            3   0.612   0.481  arith_log_unit/out_shift0000<21>21 (arith_log_unit/out_shift0000<21>21)
     LUT3:I2->O            1   0.612   0.000  arith_log_unit/out_shift0000<25>321 (arith_log_unit/out_shift0000<25>321)
     MUXF5:I1->O           1   0.278   0.426  arith_log_unit/out_shift0000<25>32_f5 (arith_log_unit/out_shift0000<25>32)
     LUT4:I1->O            1   0.612   0.360  arith_log_unit/Mmux_out_434_SW0 (N70)
     LUT4:I3->O            1   0.612   0.000  arith_log_unit/Mmux_out_434 (arith_log_unit/Mmux_out_417)
     MUXF5:I1->O           1   0.278   0.000  arith_log_unit/Mmux_out_3_f5_16 (arith_log_unit/Mmux_out_3_f517)
     MUXF6:I1->O           2   0.451   0.532  arith_log_unit/Mmux_out_2_f6_16 (t_out<25>)
     LUT4:I0->O            1   0.612   0.000  use_npc_not0001_wg_lut<1> (use_npc_not0001_wg_lut<1>)
     MUXCY:S->O            1   0.404   0.000  use_npc_not0001_wg_cy<1> (use_npc_not0001_wg_cy<1>)
     MUXCY:CI->O           1   0.052   0.000  use_npc_not0001_wg_cy<2> (use_npc_not0001_wg_cy<2>)
     MUXCY:CI->O           1   0.052   0.000  use_npc_not0001_wg_cy<3> (use_npc_not0001_wg_cy<3>)
     MUXCY:CI->O           1   0.052   0.000  use_npc_not0001_wg_cy<4> (use_npc_not0001_wg_cy<4>)
     MUXCY:CI->O           1   0.052   0.000  use_npc_not0001_wg_cy<5> (use_npc_not0001_wg_cy<5>)
     MUXCY:CI->O           1   0.052   0.000  use_npc_not0001_wg_cy<6> (use_npc_not0001_wg_cy<6>)
     MUXCY:CI->O           1   0.052   0.000  use_npc_not0001_wg_cy<7> (use_npc_not0001_wg_cy<7>)
     MUXCY:CI->O           1   0.289   0.000  use_npc_not0001_wg_cy<8> (use_npc_not0001)
     FDS:D                     0.268          use_npc
    ----------------------------------------
    Total                     13.207ns (8.557ns logic, 4.650ns route)
                                       (64.8% logic, 35.2% route)

=========================================================================
Timing constraint: Default OFFSET OUT AFTER for Clock 'clock'
  Total number of paths / destination ports: 104 / 104
-------------------------------------------------------------------------
Offset:              4.040ns (Levels of Logic = 1)
  Source:            M_o (FF)
  Destination:       M_o (PAD)
  Source Clock:      clock rising

  Data Path: M_o to M_o
                                Gate     Net
    Cell:in->out      fanout   Delay   Delay  Logical Name (Net Name)
    ----------------------------------------  ------------
     FD:C->Q               1   0.514   0.357  M_o (M_o_OBUF)
     OBUF:I->O                 3.169          M_o_OBUF (M_o)
    ----------------------------------------
    Total                      4.040ns (3.683ns logic, 0.357ns route)
                                       (91.2% logic, 8.8% route)

=========================================================================


Total REAL time to Xst completion: 19.00 secs
Total CPU time to Xst completion: 18.94 secs
 
--> 

Total memory usage is 268016 kilobytes

Number of errors   :    0 (   0 filtered)
Number of warnings :    1 (   0 filtered)
Number of infos    :    1 (   0 filtered)

