
****** PlanAhead v14.1 (64-bit)
  **** Build 179419 by xbuild on Thu Apr 26 11:43:29 MDT 2012
    ** Copyright 1986-1999, 2001-2012 Xilinx, Inc. All Rights Reserved.

INFO: [Device-36] Loading parts and site information from C:/Xilinx/14.1/ISE_DS/PlanAhead/data/parts/arch.xml
Parsing RTL primitives file [C:/Xilinx/14.1/ISE_DS/PlanAhead/data/parts/xilinx/rtl/prims/rtl_prims.xml]
Finished parsing RTL primitives file [C:/Xilinx/14.1/ISE_DS/PlanAhead/data/parts/xilinx/rtl/prims/rtl_prims.xml]
start_gui
starting gui ...
source {D:/facu/Arquitecturas de las computadoras/Practico/tpfinal/PracticoFinal_MIPS/MIPS/pa.fromNetlist.tcl}
# create_project -name MIPS -dir "D:/facu/Arquitecturas de las computadoras/Practico/tpfinal/PracticoFinal_MIPS/MIPS/planAhead_run_2" -part xc6slx16csg324-3
Parsing template File [C:/Xilinx/14.1/ISE_DS/ISE\data\projnav\templates\verilog.xml].
Finished parsing template File [C:/Xilinx/14.1/ISE_DS/ISE\data\projnav\templates\verilog.xml].
Parsing template File [C:/Xilinx/14.1/ISE_DS/ISE\data\projnav\templates\vhdl.xml].
Finished parsing template File [C:/Xilinx/14.1/ISE_DS/ISE\data\projnav\templates\vhdl.xml].
Parsing template File [C:/Xilinx/14.1/ISE_DS/ISE\data\projnav\templates\ucf.xml].
Finished parsing template File [C:/Xilinx/14.1/ISE_DS/ISE\data\projnav\templates\ucf.xml].
# set_property design_mode GateLvl [get_property srcset [current_run -impl]]
# set_property edif_top_file "D:/facu/Arquitecturas de las computadoras/Practico/tpfinal/PracticoFinal_MIPS/MIPS/uart.ngc" [ get_property srcset [ current_run ] ]
# add_files -norecurse { {D:/facu/Arquitecturas de las computadoras/Practico/tpfinal/PracticoFinal_MIPS/MIPS} {ipcore_dir} }
# add_files [list {ipcore_dir/pmem.ncf}] -fileset [get_property constrset [current_run]]
# add_files [list {ipcore_dir/rammemory.ncf}] -fileset [get_property constrset [current_run]]
# set_property target_constrs_file "Nexys3_Master.ucf" [current_fileset -constrset]
Adding file 'D:\facu\Arquitecturas de las computadoras\Practico\tpfinal\PracticoFinal_MIPS\MIPS\Nexys3_Master.ucf' to fileset 'constrs_1'
# add_files [list {Nexys3_Master.ucf}] -fileset [get_property constrset [current_run]]
# link_design
Design is defaulting to srcset: sources_1
Design is defaulting to constrset: constrs_1
Design is defaulting to project part: xc6slx16csg324-3
Release 14.1 - ngc2edif P.15xf (nt64)
Copyright (c) 1995-2012 Xilinx, Inc.  All rights reserved.
Reading design uart.ngc ...
WARNING:NetListWriters:298 - No output is written to uart.xncf, ignored.
Processing design ...
   Preping design's networks ...
   Preping design's macros ...
  finished :Prep
Writing EDIF netlist file uart.edif ...
ngc2edif: Total memory usage is 75216 kilobytes

Parsing EDIF File [.\planAhead_run_2\MIPS.data\cache\uart_ngc_a7da4620.edif]
Finished Parsing EDIF File [.\planAhead_run_2\MIPS.data\cache\uart_ngc_a7da4620.edif]
INFO: [Netlist-17] Analyzing 1 Unisim elements for replacement
INFO: [Netlist-28] Unisim Transformation completed in 0 CPU seconds
Loading clock regions from C:/Xilinx/14.1/ISE_DS/PlanAhead/data\parts/xilinx/spartan6/spartan6lx/xc6slx16/ClockRegion.xml
Loading clock buffers from C:/Xilinx/14.1/ISE_DS/PlanAhead/data\parts/xilinx/spartan6/spartan6lx/xc6slx16/ClockBuffers.xml
Loading package pin functions from C:/Xilinx/14.1/ISE_DS/PlanAhead/data\parts\xilinx\spartan6/PinFunctions.xml...
Loading package from C:/Xilinx/14.1/ISE_DS/PlanAhead/data\parts/xilinx/spartan6/spartan6lx/xc6slx16/csg324/Package.xml
Loading io standards from C:/Xilinx/14.1/ISE_DS/PlanAhead/data\./parts/xilinx/spartan6/IOStandards.xml
Loading device configuration modes from C:/Xilinx/14.1/ISE_DS/PlanAhead/data\parts\xilinx\spartan6/ConfigModes.xml
Loading list of drcs for the architecture : C:/Xilinx/14.1/ISE_DS/PlanAhead/data\./parts/xilinx/spartan6/drc.xml
Parsing UCF File [D:\facu\Arquitecturas de las computadoras\Practico\tpfinal\PracticoFinal_MIPS\MIPS\Nexys3_Master.ucf]
Finished Parsing UCF File [D:\facu\Arquitecturas de las computadoras\Practico\tpfinal\PracticoFinal_MIPS\MIPS\Nexys3_Master.ucf]
INFO: [Project-111] Unisim Transformation Summary:
  A total of 1 instances were transformed.
  BUFGP => BUFGP (IBUFG, BUFG): 1 instances

INFO: [Project-176] Phase 0 Netlist Checksum: 1b310da9 
link_design: Time (s): elapsed = 00:00:16 . Memory (MB): peak = 555.766 ; gain = 215.020
ERROR: 'rdi::source' was cancelled
exit
INFO: [Common-206] Exiting PlanAhead...
INFO: [Common-83] Releasing license: PlanAhead
